GameCore.[1]SkrillexTrackRing1(Clone)
GameCore.[1]SkrillexTrackRing1(Clone).[0]NeonTubeBothSidesDirectional (6)
GameCore.[1]SkrillexTrackRing1(Clone).[0]NeonTubeBothSidesDirectional (6).[0]BakedBloom
GameCore.[1]SkrillexTrackRing1(Clone).[0]NeonTubeBothSidesDirectional (6).[1]BoxLight
GameCore.[1]SkrillexTrackRing1(Clone).[1]NeonTubeBothSidesDirectional (5)
GameCore.[1]SkrillexTrackRing1(Clone).[1]NeonTubeBothSidesDirectional (5).[0]BakedBloom
GameCore.[1]SkrillexTrackRing1(Clone).[1]NeonTubeBothSidesDirectional (5).[1]BoxLight
GameCore.[1]SkrillexTrackRing1(Clone).[10]NeonTubeBothSidesDirectional (5)
GameCore.[1]SkrillexTrackRing1(Clone).[10]NeonTubeBothSidesDirectional (5).[0]BakedBloom
GameCore.[1]SkrillexTrackRing1(Clone).[10]NeonTubeBothSidesDirectional (5).[1]BoxLight
GameCore.[1]SkrillexTrackRing1(Clone).[11]NeonTubeBothSidesDirectional (4)
GameCore.[1]SkrillexTrackRing1(Clone).[11]NeonTubeBothSidesDirectional (4).[0]BakedBloom
GameCore.[1]SkrillexTrackRing1(Clone).[11]NeonTubeBothSidesDirectional (4).[1]BoxLight
GameCore.[1]SkrillexTrackRing1(Clone).[2]NeonTubeBothSidesDirectional (4)
GameCore.[1]SkrillexTrackRing1(Clone).[2]NeonTubeBothSidesDirectional (4).[0]BakedBloom
GameCore.[1]SkrillexTrackRing1(Clone).[2]NeonTubeBothSidesDirectional (4).[1]BoxLight
GameCore.[1]SkrillexTrackRing1(Clone).[3]NeonTubeBothSidesDirectional (6)
GameCore.[1]SkrillexTrackRing1(Clone).[3]NeonTubeBothSidesDirectional (6).[0]BakedBloom
GameCore.[1]SkrillexTrackRing1(Clone).[3]NeonTubeBothSidesDirectional (6).[1]BoxLight
GameCore.[1]SkrillexTrackRing1(Clone).[4]NeonTubeBothSidesDirectional (5)
GameCore.[1]SkrillexTrackRing1(Clone).[4]NeonTubeBothSidesDirectional (5).[0]BakedBloom
GameCore.[1]SkrillexTrackRing1(Clone).[4]NeonTubeBothSidesDirectional (5).[1]BoxLight
GameCore.[1]SkrillexTrackRing1(Clone).[5]NeonTubeBothSidesDirectional (4)
GameCore.[1]SkrillexTrackRing1(Clone).[5]NeonTubeBothSidesDirectional (4).[0]BakedBloom
GameCore.[1]SkrillexTrackRing1(Clone).[5]NeonTubeBothSidesDirectional (4).[1]BoxLight
GameCore.[1]SkrillexTrackRing1(Clone).[6]NeonTubeBothSidesDirectional (6)
GameCore.[1]SkrillexTrackRing1(Clone).[6]NeonTubeBothSidesDirectional (6).[0]BakedBloom
GameCore.[1]SkrillexTrackRing1(Clone).[6]NeonTubeBothSidesDirectional (6).[1]BoxLight
GameCore.[1]SkrillexTrackRing1(Clone).[7]NeonTubeBothSidesDirectional (5)
GameCore.[1]SkrillexTrackRing1(Clone).[7]NeonTubeBothSidesDirectional (5).[0]BakedBloom
GameCore.[1]SkrillexTrackRing1(Clone).[7]NeonTubeBothSidesDirectional (5).[1]BoxLight
GameCore.[1]SkrillexTrackRing1(Clone).[8]NeonTubeBothSidesDirectional (4)
GameCore.[1]SkrillexTrackRing1(Clone).[8]NeonTubeBothSidesDirectional (4).[0]BakedBloom
GameCore.[1]SkrillexTrackRing1(Clone).[8]NeonTubeBothSidesDirectional (4).[1]BoxLight
GameCore.[1]SkrillexTrackRing1(Clone).[9]NeonTubeBothSidesDirectional (6)
GameCore.[1]SkrillexTrackRing1(Clone).[9]NeonTubeBothSidesDirectional (6).[0]BakedBloom
GameCore.[1]SkrillexTrackRing1(Clone).[9]NeonTubeBothSidesDirectional (6).[1]BoxLight
GameCore.[10]SkrillexTrackRing2(Clone)
GameCore.[10]SkrillexTrackRing2(Clone).[0]NeonTubeBothSidesDirectional (6)
GameCore.[10]SkrillexTrackRing2(Clone).[0]NeonTubeBothSidesDirectional (6).[0]BakedBloom
GameCore.[10]SkrillexTrackRing2(Clone).[0]NeonTubeBothSidesDirectional (6).[1]BoxLight
GameCore.[10]SkrillexTrackRing2(Clone).[1]NeonTubeBothSidesDirectional (5)
GameCore.[10]SkrillexTrackRing2(Clone).[1]NeonTubeBothSidesDirectional (5).[0]BakedBloom
GameCore.[10]SkrillexTrackRing2(Clone).[1]NeonTubeBothSidesDirectional (5).[1]BoxLight
GameCore.[10]SkrillexTrackRing2(Clone).[10]NeonTubeBothSidesDirectional (5)
GameCore.[10]SkrillexTrackRing2(Clone).[10]NeonTubeBothSidesDirectional (5).[0]BakedBloom
GameCore.[10]SkrillexTrackRing2(Clone).[10]NeonTubeBothSidesDirectional (5).[1]BoxLight
GameCore.[10]SkrillexTrackRing2(Clone).[11]NeonTubeBothSidesDirectional (4)
GameCore.[10]SkrillexTrackRing2(Clone).[11]NeonTubeBothSidesDirectional (4).[0]BakedBloom
GameCore.[10]SkrillexTrackRing2(Clone).[11]NeonTubeBothSidesDirectional (4).[1]BoxLight
GameCore.[10]SkrillexTrackRing2(Clone).[2]NeonTubeBothSidesDirectional (4)
GameCore.[10]SkrillexTrackRing2(Clone).[2]NeonTubeBothSidesDirectional (4).[0]BakedBloom
GameCore.[10]SkrillexTrackRing2(Clone).[2]NeonTubeBothSidesDirectional (4).[1]BoxLight
GameCore.[10]SkrillexTrackRing2(Clone).[3]NeonTubeBothSidesDirectional (6)
GameCore.[10]SkrillexTrackRing2(Clone).[3]NeonTubeBothSidesDirectional (6).[0]BakedBloom
GameCore.[10]SkrillexTrackRing2(Clone).[3]NeonTubeBothSidesDirectional (6).[1]BoxLight
GameCore.[10]SkrillexTrackRing2(Clone).[4]NeonTubeBothSidesDirectional (5)
GameCore.[10]SkrillexTrackRing2(Clone).[4]NeonTubeBothSidesDirectional (5).[0]BakedBloom
GameCore.[10]SkrillexTrackRing2(Clone).[4]NeonTubeBothSidesDirectional (5).[1]BoxLight
GameCore.[10]SkrillexTrackRing2(Clone).[5]NeonTubeBothSidesDirectional (4)
GameCore.[10]SkrillexTrackRing2(Clone).[5]NeonTubeBothSidesDirectional (4).[0]BakedBloom
GameCore.[10]SkrillexTrackRing2(Clone).[5]NeonTubeBothSidesDirectional (4).[1]BoxLight
GameCore.[10]SkrillexTrackRing2(Clone).[6]NeonTubeBothSidesDirectional (6)
GameCore.[10]SkrillexTrackRing2(Clone).[6]NeonTubeBothSidesDirectional (6).[0]BakedBloom
GameCore.[10]SkrillexTrackRing2(Clone).[6]NeonTubeBothSidesDirectional (6).[1]BoxLight
GameCore.[10]SkrillexTrackRing2(Clone).[7]NeonTubeBothSidesDirectional (5)
GameCore.[10]SkrillexTrackRing2(Clone).[7]NeonTubeBothSidesDirectional (5).[0]BakedBloom
GameCore.[10]SkrillexTrackRing2(Clone).[7]NeonTubeBothSidesDirectional (5).[1]BoxLight
GameCore.[10]SkrillexTrackRing2(Clone).[8]NeonTubeBothSidesDirectional (4)
GameCore.[10]SkrillexTrackRing2(Clone).[8]NeonTubeBothSidesDirectional (4).[0]BakedBloom
GameCore.[10]SkrillexTrackRing2(Clone).[8]NeonTubeBothSidesDirectional (4).[1]BoxLight
GameCore.[10]SkrillexTrackRing2(Clone).[9]NeonTubeBothSidesDirectional (6)
GameCore.[10]SkrillexTrackRing2(Clone).[9]NeonTubeBothSidesDirectional (6).[0]BakedBloom
GameCore.[10]SkrillexTrackRing2(Clone).[9]NeonTubeBothSidesDirectional (6).[1]BoxLight
GameCore.[2]SkrillexTrackRing1(Clone)
GameCore.[2]SkrillexTrackRing1(Clone).[0]NeonTubeBothSidesDirectional (6)
GameCore.[2]SkrillexTrackRing1(Clone).[0]NeonTubeBothSidesDirectional (6).[0]BakedBloom
GameCore.[2]SkrillexTrackRing1(Clone).[0]NeonTubeBothSidesDirectional (6).[1]BoxLight
GameCore.[2]SkrillexTrackRing1(Clone).[1]NeonTubeBothSidesDirectional (5)
GameCore.[2]SkrillexTrackRing1(Clone).[1]NeonTubeBothSidesDirectional (5).[0]BakedBloom
GameCore.[2]SkrillexTrackRing1(Clone).[1]NeonTubeBothSidesDirectional (5).[1]BoxLight
GameCore.[2]SkrillexTrackRing1(Clone).[10]NeonTubeBothSidesDirectional (5)
GameCore.[2]SkrillexTrackRing1(Clone).[10]NeonTubeBothSidesDirectional (5).[0]BakedBloom
GameCore.[2]SkrillexTrackRing1(Clone).[10]NeonTubeBothSidesDirectional (5).[1]BoxLight
GameCore.[2]SkrillexTrackRing1(Clone).[11]NeonTubeBothSidesDirectional (4)
GameCore.[2]SkrillexTrackRing1(Clone).[11]NeonTubeBothSidesDirectional (4).[0]BakedBloom
GameCore.[2]SkrillexTrackRing1(Clone).[11]NeonTubeBothSidesDirectional (4).[1]BoxLight
GameCore.[2]SkrillexTrackRing1(Clone).[2]NeonTubeBothSidesDirectional (4)
GameCore.[2]SkrillexTrackRing1(Clone).[2]NeonTubeBothSidesDirectional (4).[0]BakedBloom
GameCore.[2]SkrillexTrackRing1(Clone).[2]NeonTubeBothSidesDirectional (4).[1]BoxLight
GameCore.[2]SkrillexTrackRing1(Clone).[3]NeonTubeBothSidesDirectional (6)
GameCore.[2]SkrillexTrackRing1(Clone).[3]NeonTubeBothSidesDirectional (6).[0]BakedBloom
GameCore.[2]SkrillexTrackRing1(Clone).[3]NeonTubeBothSidesDirectional (6).[1]BoxLight
GameCore.[2]SkrillexTrackRing1(Clone).[4]NeonTubeBothSidesDirectional (5)
GameCore.[2]SkrillexTrackRing1(Clone).[4]NeonTubeBothSidesDirectional (5).[0]BakedBloom
GameCore.[2]SkrillexTrackRing1(Clone).[4]NeonTubeBothSidesDirectional (5).[1]BoxLight
GameCore.[2]SkrillexTrackRing1(Clone).[5]NeonTubeBothSidesDirectional (4)
GameCore.[2]SkrillexTrackRing1(Clone).[5]NeonTubeBothSidesDirectional (4).[0]BakedBloom
GameCore.[2]SkrillexTrackRing1(Clone).[5]NeonTubeBothSidesDirectional (4).[1]BoxLight
GameCore.[2]SkrillexTrackRing1(Clone).[6]NeonTubeBothSidesDirectional (6)
GameCore.[2]SkrillexTrackRing1(Clone).[6]NeonTubeBothSidesDirectional (6).[0]BakedBloom
GameCore.[2]SkrillexTrackRing1(Clone).[6]NeonTubeBothSidesDirectional (6).[1]BoxLight
GameCore.[2]SkrillexTrackRing1(Clone).[7]NeonTubeBothSidesDirectional (5)
GameCore.[2]SkrillexTrackRing1(Clone).[7]NeonTubeBothSidesDirectional (5).[0]BakedBloom
GameCore.[2]SkrillexTrackRing1(Clone).[7]NeonTubeBothSidesDirectional (5).[1]BoxLight
GameCore.[2]SkrillexTrackRing1(Clone).[8]NeonTubeBothSidesDirectional (4)
GameCore.[2]SkrillexTrackRing1(Clone).[8]NeonTubeBothSidesDirectional (4).[0]BakedBloom
GameCore.[2]SkrillexTrackRing1(Clone).[8]NeonTubeBothSidesDirectional (4).[1]BoxLight
GameCore.[2]SkrillexTrackRing1(Clone).[9]NeonTubeBothSidesDirectional (6)
GameCore.[2]SkrillexTrackRing1(Clone).[9]NeonTubeBothSidesDirectional (6).[0]BakedBloom
GameCore.[2]SkrillexTrackRing1(Clone).[9]NeonTubeBothSidesDirectional (6).[1]BoxLight
GameCore.[3]SkrillexTrackRing1(Clone)
GameCore.[3]SkrillexTrackRing1(Clone).[0]NeonTubeBothSidesDirectional (6)
GameCore.[3]SkrillexTrackRing1(Clone).[0]NeonTubeBothSidesDirectional (6).[0]BakedBloom
GameCore.[3]SkrillexTrackRing1(Clone).[0]NeonTubeBothSidesDirectional (6).[1]BoxLight
GameCore.[3]SkrillexTrackRing1(Clone).[1]NeonTubeBothSidesDirectional (5)
GameCore.[3]SkrillexTrackRing1(Clone).[1]NeonTubeBothSidesDirectional (5).[0]BakedBloom
GameCore.[3]SkrillexTrackRing1(Clone).[1]NeonTubeBothSidesDirectional (5).[1]BoxLight
GameCore.[3]SkrillexTrackRing1(Clone).[10]NeonTubeBothSidesDirectional (5)
GameCore.[3]SkrillexTrackRing1(Clone).[10]NeonTubeBothSidesDirectional (5).[0]BakedBloom
GameCore.[3]SkrillexTrackRing1(Clone).[10]NeonTubeBothSidesDirectional (5).[1]BoxLight
GameCore.[3]SkrillexTrackRing1(Clone).[11]NeonTubeBothSidesDirectional (4)
GameCore.[3]SkrillexTrackRing1(Clone).[11]NeonTubeBothSidesDirectional (4).[0]BakedBloom
GameCore.[3]SkrillexTrackRing1(Clone).[11]NeonTubeBothSidesDirectional (4).[1]BoxLight
GameCore.[3]SkrillexTrackRing1(Clone).[2]NeonTubeBothSidesDirectional (4)
GameCore.[3]SkrillexTrackRing1(Clone).[2]NeonTubeBothSidesDirectional (4).[0]BakedBloom
GameCore.[3]SkrillexTrackRing1(Clone).[2]NeonTubeBothSidesDirectional (4).[1]BoxLight
GameCore.[3]SkrillexTrackRing1(Clone).[3]NeonTubeBothSidesDirectional (6)
GameCore.[3]SkrillexTrackRing1(Clone).[3]NeonTubeBothSidesDirectional (6).[0]BakedBloom
GameCore.[3]SkrillexTrackRing1(Clone).[3]NeonTubeBothSidesDirectional (6).[1]BoxLight
GameCore.[3]SkrillexTrackRing1(Clone).[4]NeonTubeBothSidesDirectional (5)
GameCore.[3]SkrillexTrackRing1(Clone).[4]NeonTubeBothSidesDirectional (5).[0]BakedBloom
GameCore.[3]SkrillexTrackRing1(Clone).[4]NeonTubeBothSidesDirectional (5).[1]BoxLight
GameCore.[3]SkrillexTrackRing1(Clone).[5]NeonTubeBothSidesDirectional (4)
GameCore.[3]SkrillexTrackRing1(Clone).[5]NeonTubeBothSidesDirectional (4).[0]BakedBloom
GameCore.[3]SkrillexTrackRing1(Clone).[5]NeonTubeBothSidesDirectional (4).[1]BoxLight
GameCore.[3]SkrillexTrackRing1(Clone).[6]NeonTubeBothSidesDirectional (6)
GameCore.[3]SkrillexTrackRing1(Clone).[6]NeonTubeBothSidesDirectional (6).[0]BakedBloom
GameCore.[3]SkrillexTrackRing1(Clone).[6]NeonTubeBothSidesDirectional (6).[1]BoxLight
GameCore.[3]SkrillexTrackRing1(Clone).[7]NeonTubeBothSidesDirectional (5)
GameCore.[3]SkrillexTrackRing1(Clone).[7]NeonTubeBothSidesDirectional (5).[0]BakedBloom
GameCore.[3]SkrillexTrackRing1(Clone).[7]NeonTubeBothSidesDirectional (5).[1]BoxLight
GameCore.[3]SkrillexTrackRing1(Clone).[8]NeonTubeBothSidesDirectional (4)
GameCore.[3]SkrillexTrackRing1(Clone).[8]NeonTubeBothSidesDirectional (4).[0]BakedBloom
GameCore.[3]SkrillexTrackRing1(Clone).[8]NeonTubeBothSidesDirectional (4).[1]BoxLight
GameCore.[3]SkrillexTrackRing1(Clone).[9]NeonTubeBothSidesDirectional (6)
GameCore.[3]SkrillexTrackRing1(Clone).[9]NeonTubeBothSidesDirectional (6).[0]BakedBloom
GameCore.[3]SkrillexTrackRing1(Clone).[9]NeonTubeBothSidesDirectional (6).[1]BoxLight
GameCore.[4]SkrillexTrackRing1(Clone)
GameCore.[4]SkrillexTrackRing1(Clone).[0]NeonTubeBothSidesDirectional (6)
GameCore.[4]SkrillexTrackRing1(Clone).[0]NeonTubeBothSidesDirectional (6).[0]BakedBloom
GameCore.[4]SkrillexTrackRing1(Clone).[0]NeonTubeBothSidesDirectional (6).[1]BoxLight
GameCore.[4]SkrillexTrackRing1(Clone).[1]NeonTubeBothSidesDirectional (5)
GameCore.[4]SkrillexTrackRing1(Clone).[1]NeonTubeBothSidesDirectional (5).[0]BakedBloom
GameCore.[4]SkrillexTrackRing1(Clone).[1]NeonTubeBothSidesDirectional (5).[1]BoxLight
GameCore.[4]SkrillexTrackRing1(Clone).[10]NeonTubeBothSidesDirectional (5)
GameCore.[4]SkrillexTrackRing1(Clone).[10]NeonTubeBothSidesDirectional (5).[0]BakedBloom
GameCore.[4]SkrillexTrackRing1(Clone).[10]NeonTubeBothSidesDirectional (5).[1]BoxLight
GameCore.[4]SkrillexTrackRing1(Clone).[11]NeonTubeBothSidesDirectional (4)
GameCore.[4]SkrillexTrackRing1(Clone).[11]NeonTubeBothSidesDirectional (4).[0]BakedBloom
GameCore.[4]SkrillexTrackRing1(Clone).[11]NeonTubeBothSidesDirectional (4).[1]BoxLight
GameCore.[4]SkrillexTrackRing1(Clone).[2]NeonTubeBothSidesDirectional (4)
GameCore.[4]SkrillexTrackRing1(Clone).[2]NeonTubeBothSidesDirectional (4).[0]BakedBloom
GameCore.[4]SkrillexTrackRing1(Clone).[2]NeonTubeBothSidesDirectional (4).[1]BoxLight
GameCore.[4]SkrillexTrackRing1(Clone).[3]NeonTubeBothSidesDirectional (6)
GameCore.[4]SkrillexTrackRing1(Clone).[3]NeonTubeBothSidesDirectional (6).[0]BakedBloom
GameCore.[4]SkrillexTrackRing1(Clone).[3]NeonTubeBothSidesDirectional (6).[1]BoxLight
GameCore.[4]SkrillexTrackRing1(Clone).[4]NeonTubeBothSidesDirectional (5)
GameCore.[4]SkrillexTrackRing1(Clone).[4]NeonTubeBothSidesDirectional (5).[0]BakedBloom
GameCore.[4]SkrillexTrackRing1(Clone).[4]NeonTubeBothSidesDirectional (5).[1]BoxLight
GameCore.[4]SkrillexTrackRing1(Clone).[5]NeonTubeBothSidesDirectional (4)
GameCore.[4]SkrillexTrackRing1(Clone).[5]NeonTubeBothSidesDirectional (4).[0]BakedBloom
GameCore.[4]SkrillexTrackRing1(Clone).[5]NeonTubeBothSidesDirectional (4).[1]BoxLight
GameCore.[4]SkrillexTrackRing1(Clone).[6]NeonTubeBothSidesDirectional (6)
GameCore.[4]SkrillexTrackRing1(Clone).[6]NeonTubeBothSidesDirectional (6).[0]BakedBloom
GameCore.[4]SkrillexTrackRing1(Clone).[6]NeonTubeBothSidesDirectional (6).[1]BoxLight
GameCore.[4]SkrillexTrackRing1(Clone).[7]NeonTubeBothSidesDirectional (5)
GameCore.[4]SkrillexTrackRing1(Clone).[7]NeonTubeBothSidesDirectional (5).[0]BakedBloom
GameCore.[4]SkrillexTrackRing1(Clone).[7]NeonTubeBothSidesDirectional (5).[1]BoxLight
GameCore.[4]SkrillexTrackRing1(Clone).[8]NeonTubeBothSidesDirectional (4)
GameCore.[4]SkrillexTrackRing1(Clone).[8]NeonTubeBothSidesDirectional (4).[0]BakedBloom
GameCore.[4]SkrillexTrackRing1(Clone).[8]NeonTubeBothSidesDirectional (4).[1]BoxLight
GameCore.[4]SkrillexTrackRing1(Clone).[9]NeonTubeBothSidesDirectional (6)
GameCore.[4]SkrillexTrackRing1(Clone).[9]NeonTubeBothSidesDirectional (6).[0]BakedBloom
GameCore.[4]SkrillexTrackRing1(Clone).[9]NeonTubeBothSidesDirectional (6).[1]BoxLight
GameCore.[5]SkrillexTrackRing1(Clone)
GameCore.[5]SkrillexTrackRing1(Clone).[0]NeonTubeBothSidesDirectional (6)
GameCore.[5]SkrillexTrackRing1(Clone).[0]NeonTubeBothSidesDirectional (6).[0]BakedBloom
GameCore.[5]SkrillexTrackRing1(Clone).[0]NeonTubeBothSidesDirectional (6).[1]BoxLight
GameCore.[5]SkrillexTrackRing1(Clone).[1]NeonTubeBothSidesDirectional (5)
GameCore.[5]SkrillexTrackRing1(Clone).[1]NeonTubeBothSidesDirectional (5).[0]BakedBloom
GameCore.[5]SkrillexTrackRing1(Clone).[1]NeonTubeBothSidesDirectional (5).[1]BoxLight
GameCore.[5]SkrillexTrackRing1(Clone).[10]NeonTubeBothSidesDirectional (5)
GameCore.[5]SkrillexTrackRing1(Clone).[10]NeonTubeBothSidesDirectional (5).[0]BakedBloom
GameCore.[5]SkrillexTrackRing1(Clone).[10]NeonTubeBothSidesDirectional (5).[1]BoxLight
GameCore.[5]SkrillexTrackRing1(Clone).[11]NeonTubeBothSidesDirectional (4)
GameCore.[5]SkrillexTrackRing1(Clone).[11]NeonTubeBothSidesDirectional (4).[0]BakedBloom
GameCore.[5]SkrillexTrackRing1(Clone).[11]NeonTubeBothSidesDirectional (4).[1]BoxLight
GameCore.[5]SkrillexTrackRing1(Clone).[2]NeonTubeBothSidesDirectional (4)
GameCore.[5]SkrillexTrackRing1(Clone).[2]NeonTubeBothSidesDirectional (4).[0]BakedBloom
GameCore.[5]SkrillexTrackRing1(Clone).[2]NeonTubeBothSidesDirectional (4).[1]BoxLight
GameCore.[5]SkrillexTrackRing1(Clone).[3]NeonTubeBothSidesDirectional (6)
GameCore.[5]SkrillexTrackRing1(Clone).[3]NeonTubeBothSidesDirectional (6).[0]BakedBloom
GameCore.[5]SkrillexTrackRing1(Clone).[3]NeonTubeBothSidesDirectional (6).[1]BoxLight
GameCore.[5]SkrillexTrackRing1(Clone).[4]NeonTubeBothSidesDirectional (5)
GameCore.[5]SkrillexTrackRing1(Clone).[4]NeonTubeBothSidesDirectional (5).[0]BakedBloom
GameCore.[5]SkrillexTrackRing1(Clone).[4]NeonTubeBothSidesDirectional (5).[1]BoxLight
GameCore.[5]SkrillexTrackRing1(Clone).[5]NeonTubeBothSidesDirectional (4)
GameCore.[5]SkrillexTrackRing1(Clone).[5]NeonTubeBothSidesDirectional (4).[0]BakedBloom
GameCore.[5]SkrillexTrackRing1(Clone).[5]NeonTubeBothSidesDirectional (4).[1]BoxLight
GameCore.[5]SkrillexTrackRing1(Clone).[6]NeonTubeBothSidesDirectional (6)
GameCore.[5]SkrillexTrackRing1(Clone).[6]NeonTubeBothSidesDirectional (6).[0]BakedBloom
GameCore.[5]SkrillexTrackRing1(Clone).[6]NeonTubeBothSidesDirectional (6).[1]BoxLight
GameCore.[5]SkrillexTrackRing1(Clone).[7]NeonTubeBothSidesDirectional (5)
GameCore.[5]SkrillexTrackRing1(Clone).[7]NeonTubeBothSidesDirectional (5).[0]BakedBloom
GameCore.[5]SkrillexTrackRing1(Clone).[7]NeonTubeBothSidesDirectional (5).[1]BoxLight
GameCore.[5]SkrillexTrackRing1(Clone).[8]NeonTubeBothSidesDirectional (4)
GameCore.[5]SkrillexTrackRing1(Clone).[8]NeonTubeBothSidesDirectional (4).[0]BakedBloom
GameCore.[5]SkrillexTrackRing1(Clone).[8]NeonTubeBothSidesDirectional (4).[1]BoxLight
GameCore.[5]SkrillexTrackRing1(Clone).[9]NeonTubeBothSidesDirectional (6)
GameCore.[5]SkrillexTrackRing1(Clone).[9]NeonTubeBothSidesDirectional (6).[0]BakedBloom
GameCore.[5]SkrillexTrackRing1(Clone).[9]NeonTubeBothSidesDirectional (6).[1]BoxLight
GameCore.[6]SkrillexTrackRing2(Clone)
GameCore.[6]SkrillexTrackRing2(Clone).[0]NeonTubeBothSidesDirectional (6)
GameCore.[6]SkrillexTrackRing2(Clone).[0]NeonTubeBothSidesDirectional (6).[0]BakedBloom
GameCore.[6]SkrillexTrackRing2(Clone).[0]NeonTubeBothSidesDirectional (6).[1]BoxLight
GameCore.[6]SkrillexTrackRing2(Clone).[1]NeonTubeBothSidesDirectional (5)
GameCore.[6]SkrillexTrackRing2(Clone).[1]NeonTubeBothSidesDirectional (5).[0]BakedBloom
GameCore.[6]SkrillexTrackRing2(Clone).[1]NeonTubeBothSidesDirectional (5).[1]BoxLight
GameCore.[6]SkrillexTrackRing2(Clone).[10]NeonTubeBothSidesDirectional (5)
GameCore.[6]SkrillexTrackRing2(Clone).[10]NeonTubeBothSidesDirectional (5).[0]BakedBloom
GameCore.[6]SkrillexTrackRing2(Clone).[10]NeonTubeBothSidesDirectional (5).[1]BoxLight
GameCore.[6]SkrillexTrackRing2(Clone).[11]NeonTubeBothSidesDirectional (4)
GameCore.[6]SkrillexTrackRing2(Clone).[11]NeonTubeBothSidesDirectional (4).[0]BakedBloom
GameCore.[6]SkrillexTrackRing2(Clone).[11]NeonTubeBothSidesDirectional (4).[1]BoxLight
GameCore.[6]SkrillexTrackRing2(Clone).[2]NeonTubeBothSidesDirectional (4)
GameCore.[6]SkrillexTrackRing2(Clone).[2]NeonTubeBothSidesDirectional (4).[0]BakedBloom
GameCore.[6]SkrillexTrackRing2(Clone).[2]NeonTubeBothSidesDirectional (4).[1]BoxLight
GameCore.[6]SkrillexTrackRing2(Clone).[3]NeonTubeBothSidesDirectional (6)
GameCore.[6]SkrillexTrackRing2(Clone).[3]NeonTubeBothSidesDirectional (6).[0]BakedBloom
GameCore.[6]SkrillexTrackRing2(Clone).[3]NeonTubeBothSidesDirectional (6).[1]BoxLight
GameCore.[6]SkrillexTrackRing2(Clone).[4]NeonTubeBothSidesDirectional (5)
GameCore.[6]SkrillexTrackRing2(Clone).[4]NeonTubeBothSidesDirectional (5).[0]BakedBloom
GameCore.[6]SkrillexTrackRing2(Clone).[4]NeonTubeBothSidesDirectional (5).[1]BoxLight
GameCore.[6]SkrillexTrackRing2(Clone).[5]NeonTubeBothSidesDirectional (4)
GameCore.[6]SkrillexTrackRing2(Clone).[5]NeonTubeBothSidesDirectional (4).[0]BakedBloom
GameCore.[6]SkrillexTrackRing2(Clone).[5]NeonTubeBothSidesDirectional (4).[1]BoxLight
GameCore.[6]SkrillexTrackRing2(Clone).[6]NeonTubeBothSidesDirectional (6)
GameCore.[6]SkrillexTrackRing2(Clone).[6]NeonTubeBothSidesDirectional (6).[0]BakedBloom
GameCore.[6]SkrillexTrackRing2(Clone).[6]NeonTubeBothSidesDirectional (6).[1]BoxLight
GameCore.[6]SkrillexTrackRing2(Clone).[7]NeonTubeBothSidesDirectional (5)
GameCore.[6]SkrillexTrackRing2(Clone).[7]NeonTubeBothSidesDirectional (5).[0]BakedBloom
GameCore.[6]SkrillexTrackRing2(Clone).[7]NeonTubeBothSidesDirectional (5).[1]BoxLight
GameCore.[6]SkrillexTrackRing2(Clone).[8]NeonTubeBothSidesDirectional (4)
GameCore.[6]SkrillexTrackRing2(Clone).[8]NeonTubeBothSidesDirectional (4).[0]BakedBloom
GameCore.[6]SkrillexTrackRing2(Clone).[8]NeonTubeBothSidesDirectional (4).[1]BoxLight
GameCore.[6]SkrillexTrackRing2(Clone).[9]NeonTubeBothSidesDirectional (6)
GameCore.[6]SkrillexTrackRing2(Clone).[9]NeonTubeBothSidesDirectional (6).[0]BakedBloom
GameCore.[6]SkrillexTrackRing2(Clone).[9]NeonTubeBothSidesDirectional (6).[1]BoxLight
GameCore.[7]SkrillexTrackRing2(Clone)
GameCore.[7]SkrillexTrackRing2(Clone).[0]NeonTubeBothSidesDirectional (6)
GameCore.[7]SkrillexTrackRing2(Clone).[0]NeonTubeBothSidesDirectional (6).[0]BakedBloom
GameCore.[7]SkrillexTrackRing2(Clone).[0]NeonTubeBothSidesDirectional (6).[1]BoxLight
GameCore.[7]SkrillexTrackRing2(Clone).[1]NeonTubeBothSidesDirectional (5)
GameCore.[7]SkrillexTrackRing2(Clone).[1]NeonTubeBothSidesDirectional (5).[0]BakedBloom
GameCore.[7]SkrillexTrackRing2(Clone).[1]NeonTubeBothSidesDirectional (5).[1]BoxLight
GameCore.[7]SkrillexTrackRing2(Clone).[10]NeonTubeBothSidesDirectional (5)
GameCore.[7]SkrillexTrackRing2(Clone).[10]NeonTubeBothSidesDirectional (5).[0]BakedBloom
GameCore.[7]SkrillexTrackRing2(Clone).[10]NeonTubeBothSidesDirectional (5).[1]BoxLight
GameCore.[7]SkrillexTrackRing2(Clone).[11]NeonTubeBothSidesDirectional (4)
GameCore.[7]SkrillexTrackRing2(Clone).[11]NeonTubeBothSidesDirectional (4).[0]BakedBloom
GameCore.[7]SkrillexTrackRing2(Clone).[11]NeonTubeBothSidesDirectional (4).[1]BoxLight
GameCore.[7]SkrillexTrackRing2(Clone).[2]NeonTubeBothSidesDirectional (4)
GameCore.[7]SkrillexTrackRing2(Clone).[2]NeonTubeBothSidesDirectional (4).[0]BakedBloom
GameCore.[7]SkrillexTrackRing2(Clone).[2]NeonTubeBothSidesDirectional (4).[1]BoxLight
GameCore.[7]SkrillexTrackRing2(Clone).[3]NeonTubeBothSidesDirectional (6)
GameCore.[7]SkrillexTrackRing2(Clone).[3]NeonTubeBothSidesDirectional (6).[0]BakedBloom
GameCore.[7]SkrillexTrackRing2(Clone).[3]NeonTubeBothSidesDirectional (6).[1]BoxLight
GameCore.[7]SkrillexTrackRing2(Clone).[4]NeonTubeBothSidesDirectional (5)
GameCore.[7]SkrillexTrackRing2(Clone).[4]NeonTubeBothSidesDirectional (5).[0]BakedBloom
GameCore.[7]SkrillexTrackRing2(Clone).[4]NeonTubeBothSidesDirectional (5).[1]BoxLight
GameCore.[7]SkrillexTrackRing2(Clone).[5]NeonTubeBothSidesDirectional (4)
GameCore.[7]SkrillexTrackRing2(Clone).[5]NeonTubeBothSidesDirectional (4).[0]BakedBloom
GameCore.[7]SkrillexTrackRing2(Clone).[5]NeonTubeBothSidesDirectional (4).[1]BoxLight
GameCore.[7]SkrillexTrackRing2(Clone).[6]NeonTubeBothSidesDirectional (6)
GameCore.[7]SkrillexTrackRing2(Clone).[6]NeonTubeBothSidesDirectional (6).[0]BakedBloom
GameCore.[7]SkrillexTrackRing2(Clone).[6]NeonTubeBothSidesDirectional (6).[1]BoxLight
GameCore.[7]SkrillexTrackRing2(Clone).[7]NeonTubeBothSidesDirectional (5)
GameCore.[7]SkrillexTrackRing2(Clone).[7]NeonTubeBothSidesDirectional (5).[0]BakedBloom
GameCore.[7]SkrillexTrackRing2(Clone).[7]NeonTubeBothSidesDirectional (5).[1]BoxLight
GameCore.[7]SkrillexTrackRing2(Clone).[8]NeonTubeBothSidesDirectional (4)
GameCore.[7]SkrillexTrackRing2(Clone).[8]NeonTubeBothSidesDirectional (4).[0]BakedBloom
GameCore.[7]SkrillexTrackRing2(Clone).[8]NeonTubeBothSidesDirectional (4).[1]BoxLight
GameCore.[7]SkrillexTrackRing2(Clone).[9]NeonTubeBothSidesDirectional (6)
GameCore.[7]SkrillexTrackRing2(Clone).[9]NeonTubeBothSidesDirectional (6).[0]BakedBloom
GameCore.[7]SkrillexTrackRing2(Clone).[9]NeonTubeBothSidesDirectional (6).[1]BoxLight
GameCore.[8]SkrillexTrackRing2(Clone)
GameCore.[8]SkrillexTrackRing2(Clone).[0]NeonTubeBothSidesDirectional (6)
GameCore.[8]SkrillexTrackRing2(Clone).[0]NeonTubeBothSidesDirectional (6).[0]BakedBloom
GameCore.[8]SkrillexTrackRing2(Clone).[0]NeonTubeBothSidesDirectional (6).[1]BoxLight
GameCore.[8]SkrillexTrackRing2(Clone).[1]NeonTubeBothSidesDirectional (5)
GameCore.[8]SkrillexTrackRing2(Clone).[1]NeonTubeBothSidesDirectional (5).[0]BakedBloom
GameCore.[8]SkrillexTrackRing2(Clone).[1]NeonTubeBothSidesDirectional (5).[1]BoxLight
GameCore.[8]SkrillexTrackRing2(Clone).[10]NeonTubeBothSidesDirectional (5)
GameCore.[8]SkrillexTrackRing2(Clone).[10]NeonTubeBothSidesDirectional (5).[0]BakedBloom
GameCore.[8]SkrillexTrackRing2(Clone).[10]NeonTubeBothSidesDirectional (5).[1]BoxLight
GameCore.[8]SkrillexTrackRing2(Clone).[11]NeonTubeBothSidesDirectional (4)
GameCore.[8]SkrillexTrackRing2(Clone).[11]NeonTubeBothSidesDirectional (4).[0]BakedBloom
GameCore.[8]SkrillexTrackRing2(Clone).[11]NeonTubeBothSidesDirectional (4).[1]BoxLight
GameCore.[8]SkrillexTrackRing2(Clone).[2]NeonTubeBothSidesDirectional (4)
GameCore.[8]SkrillexTrackRing2(Clone).[2]NeonTubeBothSidesDirectional (4).[0]BakedBloom
GameCore.[8]SkrillexTrackRing2(Clone).[2]NeonTubeBothSidesDirectional (4).[1]BoxLight
GameCore.[8]SkrillexTrackRing2(Clone).[3]NeonTubeBothSidesDirectional (6)
GameCore.[8]SkrillexTrackRing2(Clone).[3]NeonTubeBothSidesDirectional (6).[0]BakedBloom
GameCore.[8]SkrillexTrackRing2(Clone).[3]NeonTubeBothSidesDirectional (6).[1]BoxLight
GameCore.[8]SkrillexTrackRing2(Clone).[4]NeonTubeBothSidesDirectional (5)
GameCore.[8]SkrillexTrackRing2(Clone).[4]NeonTubeBothSidesDirectional (5).[0]BakedBloom
GameCore.[8]SkrillexTrackRing2(Clone).[4]NeonTubeBothSidesDirectional (5).[1]BoxLight
GameCore.[8]SkrillexTrackRing2(Clone).[5]NeonTubeBothSidesDirectional (4)
GameCore.[8]SkrillexTrackRing2(Clone).[5]NeonTubeBothSidesDirectional (4).[0]BakedBloom
GameCore.[8]SkrillexTrackRing2(Clone).[5]NeonTubeBothSidesDirectional (4).[1]BoxLight
GameCore.[8]SkrillexTrackRing2(Clone).[6]NeonTubeBothSidesDirectional (6)
GameCore.[8]SkrillexTrackRing2(Clone).[6]NeonTubeBothSidesDirectional (6).[0]BakedBloom
GameCore.[8]SkrillexTrackRing2(Clone).[6]NeonTubeBothSidesDirectional (6).[1]BoxLight
GameCore.[8]SkrillexTrackRing2(Clone).[7]NeonTubeBothSidesDirectional (5)
GameCore.[8]SkrillexTrackRing2(Clone).[7]NeonTubeBothSidesDirectional (5).[0]BakedBloom
GameCore.[8]SkrillexTrackRing2(Clone).[7]NeonTubeBothSidesDirectional (5).[1]BoxLight
GameCore.[8]SkrillexTrackRing2(Clone).[8]NeonTubeBothSidesDirectional (4)
GameCore.[8]SkrillexTrackRing2(Clone).[8]NeonTubeBothSidesDirectional (4).[0]BakedBloom
GameCore.[8]SkrillexTrackRing2(Clone).[8]NeonTubeBothSidesDirectional (4).[1]BoxLight
GameCore.[8]SkrillexTrackRing2(Clone).[9]NeonTubeBothSidesDirectional (6)
GameCore.[8]SkrillexTrackRing2(Clone).[9]NeonTubeBothSidesDirectional (6).[0]BakedBloom
GameCore.[8]SkrillexTrackRing2(Clone).[9]NeonTubeBothSidesDirectional (6).[1]BoxLight
GameCore.[9]SkrillexTrackRing2(Clone)
GameCore.[9]SkrillexTrackRing2(Clone).[0]NeonTubeBothSidesDirectional (6)
GameCore.[9]SkrillexTrackRing2(Clone).[0]NeonTubeBothSidesDirectional (6).[0]BakedBloom
GameCore.[9]SkrillexTrackRing2(Clone).[0]NeonTubeBothSidesDirectional (6).[1]BoxLight
GameCore.[9]SkrillexTrackRing2(Clone).[1]NeonTubeBothSidesDirectional (5)
GameCore.[9]SkrillexTrackRing2(Clone).[1]NeonTubeBothSidesDirectional (5).[0]BakedBloom
GameCore.[9]SkrillexTrackRing2(Clone).[1]NeonTubeBothSidesDirectional (5).[1]BoxLight
GameCore.[9]SkrillexTrackRing2(Clone).[10]NeonTubeBothSidesDirectional (5)
GameCore.[9]SkrillexTrackRing2(Clone).[10]NeonTubeBothSidesDirectional (5).[0]BakedBloom
GameCore.[9]SkrillexTrackRing2(Clone).[10]NeonTubeBothSidesDirectional (5).[1]BoxLight
GameCore.[9]SkrillexTrackRing2(Clone).[11]NeonTubeBothSidesDirectional (4)
GameCore.[9]SkrillexTrackRing2(Clone).[11]NeonTubeBothSidesDirectional (4).[0]BakedBloom
GameCore.[9]SkrillexTrackRing2(Clone).[11]NeonTubeBothSidesDirectional (4).[1]BoxLight
GameCore.[9]SkrillexTrackRing2(Clone).[2]NeonTubeBothSidesDirectional (4)
GameCore.[9]SkrillexTrackRing2(Clone).[2]NeonTubeBothSidesDirectional (4).[0]BakedBloom
GameCore.[9]SkrillexTrackRing2(Clone).[2]NeonTubeBothSidesDirectional (4).[1]BoxLight
GameCore.[9]SkrillexTrackRing2(Clone).[3]NeonTubeBothSidesDirectional (6)
GameCore.[9]SkrillexTrackRing2(Clone).[3]NeonTubeBothSidesDirectional (6).[0]BakedBloom
GameCore.[9]SkrillexTrackRing2(Clone).[3]NeonTubeBothSidesDirectional (6).[1]BoxLight
GameCore.[9]SkrillexTrackRing2(Clone).[4]NeonTubeBothSidesDirectional (5)
GameCore.[9]SkrillexTrackRing2(Clone).[4]NeonTubeBothSidesDirectional (5).[0]BakedBloom
GameCore.[9]SkrillexTrackRing2(Clone).[4]NeonTubeBothSidesDirectional (5).[1]BoxLight
GameCore.[9]SkrillexTrackRing2(Clone).[5]NeonTubeBothSidesDirectional (4)
GameCore.[9]SkrillexTrackRing2(Clone).[5]NeonTubeBothSidesDirectional (4).[0]BakedBloom
GameCore.[9]SkrillexTrackRing2(Clone).[5]NeonTubeBothSidesDirectional (4).[1]BoxLight
GameCore.[9]SkrillexTrackRing2(Clone).[6]NeonTubeBothSidesDirectional (6)
GameCore.[9]SkrillexTrackRing2(Clone).[6]NeonTubeBothSidesDirectional (6).[0]BakedBloom
GameCore.[9]SkrillexTrackRing2(Clone).[6]NeonTubeBothSidesDirectional (6).[1]BoxLight
GameCore.[9]SkrillexTrackRing2(Clone).[7]NeonTubeBothSidesDirectional (5)
GameCore.[9]SkrillexTrackRing2(Clone).[7]NeonTubeBothSidesDirectional (5).[0]BakedBloom
GameCore.[9]SkrillexTrackRing2(Clone).[7]NeonTubeBothSidesDirectional (5).[1]BoxLight
GameCore.[9]SkrillexTrackRing2(Clone).[8]NeonTubeBothSidesDirectional (4)
GameCore.[9]SkrillexTrackRing2(Clone).[8]NeonTubeBothSidesDirectional (4).[0]BakedBloom
GameCore.[9]SkrillexTrackRing2(Clone).[8]NeonTubeBothSidesDirectional (4).[1]BoxLight
GameCore.[9]SkrillexTrackRing2(Clone).[9]NeonTubeBothSidesDirectional (6)
GameCore.[9]SkrillexTrackRing2(Clone).[9]NeonTubeBothSidesDirectional (6).[0]BakedBloom
GameCore.[9]SkrillexTrackRing2(Clone).[9]NeonTubeBothSidesDirectional (6).[1]BoxLight
SkrillexEnvironment.[0]Environment
SkrillexEnvironment.[0]Environment.[0]DecoratorContext
SkrillexEnvironment.[0]Environment.[1]SceneSetup
SkrillexEnvironment.[0]Environment.[10]DustPS
SkrillexEnvironment.[0]Environment.[11]BigSmokePS
SkrillexEnvironment.[0]Environment.[12]====== LIGHTS ======
SkrillexEnvironment.[0]Environment.[13]CoreLighting
SkrillexEnvironment.[0]Environment.[13]CoreLighting.[0]LightManager
SkrillexEnvironment.[0]Environment.[14]LightWithIdManager
SkrillexEnvironment.[0]Environment.[15]GradientBackground
SkrillexEnvironment.[0]Environment.[16]SideMoveLasers
SkrillexEnvironment.[0]Environment.[16]SideMoveLasers.[0]SinMoveLasersPair
SkrillexEnvironment.[0]Environment.[16]SideMoveLasers.[0]SinMoveLasersPair.[0]LaserL
SkrillexEnvironment.[0]Environment.[16]SideMoveLasers.[0]SinMoveLasersPair.[0]LaserL.[0]BoxLight
SkrillexEnvironment.[0]Environment.[16]SideMoveLasers.[0]SinMoveLasersPair.[0]LaserL.[1]BakedBloom
SkrillexEnvironment.[0]Environment.[16]SideMoveLasers.[0]SinMoveLasersPair.[1]LaserR
SkrillexEnvironment.[0]Environment.[16]SideMoveLasers.[0]SinMoveLasersPair.[1]LaserR.[0]BoxLight
SkrillexEnvironment.[0]Environment.[16]SideMoveLasers.[0]SinMoveLasersPair.[1]LaserR.[1]BakedBloom
SkrillexEnvironment.[0]Environment.[16]SideMoveLasers.[1]SinMoveLasersPair (1)
SkrillexEnvironment.[0]Environment.[16]SideMoveLasers.[1]SinMoveLasersPair (1).[0]LaserL
SkrillexEnvironment.[0]Environment.[16]SideMoveLasers.[1]SinMoveLasersPair (1).[0]LaserL.[0]BoxLight
SkrillexEnvironment.[0]Environment.[16]SideMoveLasers.[1]SinMoveLasersPair (1).[0]LaserL.[1]BakedBloom
SkrillexEnvironment.[0]Environment.[16]SideMoveLasers.[1]SinMoveLasersPair (1).[1]LaserR
SkrillexEnvironment.[0]Environment.[16]SideMoveLasers.[1]SinMoveLasersPair (1).[1]LaserR.[0]BoxLight
SkrillexEnvironment.[0]Environment.[16]SideMoveLasers.[1]SinMoveLasersPair (1).[1]LaserR.[1]BakedBloom
SkrillexEnvironment.[0]Environment.[16]SideMoveLasers.[10]SinMoveLasersPair (15)
SkrillexEnvironment.[0]Environment.[16]SideMoveLasers.[10]SinMoveLasersPair (15).[0]LaserL
SkrillexEnvironment.[0]Environment.[16]SideMoveLasers.[10]SinMoveLasersPair (15).[0]LaserL.[0]BoxLight
SkrillexEnvironment.[0]Environment.[16]SideMoveLasers.[10]SinMoveLasersPair (15).[0]LaserL.[1]BakedBloom
SkrillexEnvironment.[0]Environment.[16]SideMoveLasers.[10]SinMoveLasersPair (15).[1]LaserR
SkrillexEnvironment.[0]Environment.[16]SideMoveLasers.[10]SinMoveLasersPair (15).[1]LaserR.[0]BoxLight
SkrillexEnvironment.[0]Environment.[16]SideMoveLasers.[10]SinMoveLasersPair (15).[1]LaserR.[1]BakedBloom
SkrillexEnvironment.[0]Environment.[16]SideMoveLasers.[11]SinMoveLasersPair (10)
SkrillexEnvironment.[0]Environment.[16]SideMoveLasers.[11]SinMoveLasersPair (10).[0]LaserL
SkrillexEnvironment.[0]Environment.[16]SideMoveLasers.[11]SinMoveLasersPair (10).[0]LaserL.[0]BoxLight
SkrillexEnvironment.[0]Environment.[16]SideMoveLasers.[11]SinMoveLasersPair (10).[0]LaserL.[1]BakedBloom
SkrillexEnvironment.[0]Environment.[16]SideMoveLasers.[11]SinMoveLasersPair (10).[1]LaserR
SkrillexEnvironment.[0]Environment.[16]SideMoveLasers.[11]SinMoveLasersPair (10).[1]LaserR.[0]BoxLight
SkrillexEnvironment.[0]Environment.[16]SideMoveLasers.[11]SinMoveLasersPair (10).[1]LaserR.[1]BakedBloom
SkrillexEnvironment.[0]Environment.[16]SideMoveLasers.[12]SinMoveLasersPair (16)
SkrillexEnvironment.[0]Environment.[16]SideMoveLasers.[12]SinMoveLasersPair (16).[0]LaserL
SkrillexEnvironment.[0]Environment.[16]SideMoveLasers.[12]SinMoveLasersPair (16).[0]LaserL.[0]BoxLight
SkrillexEnvironment.[0]Environment.[16]SideMoveLasers.[12]SinMoveLasersPair (16).[0]LaserL.[1]BakedBloom
SkrillexEnvironment.[0]Environment.[16]SideMoveLasers.[12]SinMoveLasersPair (16).[1]LaserR
SkrillexEnvironment.[0]Environment.[16]SideMoveLasers.[12]SinMoveLasersPair (16).[1]LaserR.[0]BoxLight
SkrillexEnvironment.[0]Environment.[16]SideMoveLasers.[12]SinMoveLasersPair (16).[1]LaserR.[1]BakedBloom
SkrillexEnvironment.[0]Environment.[16]SideMoveLasers.[13]SinMoveLasersPair (11)
SkrillexEnvironment.[0]Environment.[16]SideMoveLasers.[13]SinMoveLasersPair (11).[0]LaserL
SkrillexEnvironment.[0]Environment.[16]SideMoveLasers.[13]SinMoveLasersPair (11).[0]LaserL.[0]BoxLight
SkrillexEnvironment.[0]Environment.[16]SideMoveLasers.[13]SinMoveLasersPair (11).[0]LaserL.[1]BakedBloom
SkrillexEnvironment.[0]Environment.[16]SideMoveLasers.[13]SinMoveLasersPair (11).[1]LaserR
SkrillexEnvironment.[0]Environment.[16]SideMoveLasers.[13]SinMoveLasersPair (11).[1]LaserR.[0]BoxLight
SkrillexEnvironment.[0]Environment.[16]SideMoveLasers.[13]SinMoveLasersPair (11).[1]LaserR.[1]BakedBloom
SkrillexEnvironment.[0]Environment.[16]SideMoveLasers.[14]SinMoveLasersPair (17)
SkrillexEnvironment.[0]Environment.[16]SideMoveLasers.[14]SinMoveLasersPair (17).[0]LaserL
SkrillexEnvironment.[0]Environment.[16]SideMoveLasers.[14]SinMoveLasersPair (17).[0]LaserL.[0]BoxLight
SkrillexEnvironment.[0]Environment.[16]SideMoveLasers.[14]SinMoveLasersPair (17).[0]LaserL.[1]BakedBloom
SkrillexEnvironment.[0]Environment.[16]SideMoveLasers.[14]SinMoveLasersPair (17).[1]LaserR
SkrillexEnvironment.[0]Environment.[16]SideMoveLasers.[14]SinMoveLasersPair (17).[1]LaserR.[0]BoxLight
SkrillexEnvironment.[0]Environment.[16]SideMoveLasers.[14]SinMoveLasersPair (17).[1]LaserR.[1]BakedBloom
SkrillexEnvironment.[0]Environment.[16]SideMoveLasers.[15]SinMoveLasersPair (12)
SkrillexEnvironment.[0]Environment.[16]SideMoveLasers.[15]SinMoveLasersPair (12).[0]LaserL
SkrillexEnvironment.[0]Environment.[16]SideMoveLasers.[15]SinMoveLasersPair (12).[0]LaserL.[0]BoxLight
SkrillexEnvironment.[0]Environment.[16]SideMoveLasers.[15]SinMoveLasersPair (12).[0]LaserL.[1]BakedBloom
SkrillexEnvironment.[0]Environment.[16]SideMoveLasers.[15]SinMoveLasersPair (12).[1]LaserR
SkrillexEnvironment.[0]Environment.[16]SideMoveLasers.[15]SinMoveLasersPair (12).[1]LaserR.[0]BoxLight
SkrillexEnvironment.[0]Environment.[16]SideMoveLasers.[15]SinMoveLasersPair (12).[1]LaserR.[1]BakedBloom
SkrillexEnvironment.[0]Environment.[16]SideMoveLasers.[16]SinMoveLasersPair (18)
SkrillexEnvironment.[0]Environment.[16]SideMoveLasers.[16]SinMoveLasersPair (18).[0]LaserL
SkrillexEnvironment.[0]Environment.[16]SideMoveLasers.[16]SinMoveLasersPair (18).[0]LaserL.[0]BoxLight
SkrillexEnvironment.[0]Environment.[16]SideMoveLasers.[16]SinMoveLasersPair (18).[0]LaserL.[1]BakedBloom
SkrillexEnvironment.[0]Environment.[16]SideMoveLasers.[16]SinMoveLasersPair (18).[1]LaserR
SkrillexEnvironment.[0]Environment.[16]SideMoveLasers.[16]SinMoveLasersPair (18).[1]LaserR.[0]BoxLight
SkrillexEnvironment.[0]Environment.[16]SideMoveLasers.[16]SinMoveLasersPair (18).[1]LaserR.[1]BakedBloom
SkrillexEnvironment.[0]Environment.[16]SideMoveLasers.[17]SinMoveLasersPair (13)
SkrillexEnvironment.[0]Environment.[16]SideMoveLasers.[17]SinMoveLasersPair (13).[0]LaserL
SkrillexEnvironment.[0]Environment.[16]SideMoveLasers.[17]SinMoveLasersPair (13).[0]LaserL.[0]BoxLight
SkrillexEnvironment.[0]Environment.[16]SideMoveLasers.[17]SinMoveLasersPair (13).[0]LaserL.[1]BakedBloom
SkrillexEnvironment.[0]Environment.[16]SideMoveLasers.[17]SinMoveLasersPair (13).[1]LaserR
SkrillexEnvironment.[0]Environment.[16]SideMoveLasers.[17]SinMoveLasersPair (13).[1]LaserR.[0]BoxLight
SkrillexEnvironment.[0]Environment.[16]SideMoveLasers.[17]SinMoveLasersPair (13).[1]LaserR.[1]BakedBloom
SkrillexEnvironment.[0]Environment.[16]SideMoveLasers.[18]SinMoveLasersPair (19)
SkrillexEnvironment.[0]Environment.[16]SideMoveLasers.[18]SinMoveLasersPair (19).[0]LaserL
SkrillexEnvironment.[0]Environment.[16]SideMoveLasers.[18]SinMoveLasersPair (19).[0]LaserL.[0]BoxLight
SkrillexEnvironment.[0]Environment.[16]SideMoveLasers.[18]SinMoveLasersPair (19).[0]LaserL.[1]BakedBloom
SkrillexEnvironment.[0]Environment.[16]SideMoveLasers.[18]SinMoveLasersPair (19).[1]LaserR
SkrillexEnvironment.[0]Environment.[16]SideMoveLasers.[18]SinMoveLasersPair (19).[1]LaserR.[0]BoxLight
SkrillexEnvironment.[0]Environment.[16]SideMoveLasers.[18]SinMoveLasersPair (19).[1]LaserR.[1]BakedBloom
SkrillexEnvironment.[0]Environment.[16]SideMoveLasers.[19]SinMoveLasersPair (14)
SkrillexEnvironment.[0]Environment.[16]SideMoveLasers.[19]SinMoveLasersPair (14).[0]LaserL
SkrillexEnvironment.[0]Environment.[16]SideMoveLasers.[19]SinMoveLasersPair (14).[0]LaserL.[0]BoxLight
SkrillexEnvironment.[0]Environment.[16]SideMoveLasers.[19]SinMoveLasersPair (14).[0]LaserL.[1]BakedBloom
SkrillexEnvironment.[0]Environment.[16]SideMoveLasers.[19]SinMoveLasersPair (14).[1]LaserR
SkrillexEnvironment.[0]Environment.[16]SideMoveLasers.[19]SinMoveLasersPair (14).[1]LaserR.[0]BoxLight
SkrillexEnvironment.[0]Environment.[16]SideMoveLasers.[19]SinMoveLasersPair (14).[1]LaserR.[1]BakedBloom
SkrillexEnvironment.[0]Environment.[16]SideMoveLasers.[2]SinMoveLasersPair (2)
SkrillexEnvironment.[0]Environment.[16]SideMoveLasers.[2]SinMoveLasersPair (2).[0]LaserL
SkrillexEnvironment.[0]Environment.[16]SideMoveLasers.[2]SinMoveLasersPair (2).[0]LaserL.[0]BoxLight
SkrillexEnvironment.[0]Environment.[16]SideMoveLasers.[2]SinMoveLasersPair (2).[0]LaserL.[1]BakedBloom
SkrillexEnvironment.[0]Environment.[16]SideMoveLasers.[2]SinMoveLasersPair (2).[1]LaserR
SkrillexEnvironment.[0]Environment.[16]SideMoveLasers.[2]SinMoveLasersPair (2).[1]LaserR.[0]BoxLight
SkrillexEnvironment.[0]Environment.[16]SideMoveLasers.[2]SinMoveLasersPair (2).[1]LaserR.[1]BakedBloom
SkrillexEnvironment.[0]Environment.[16]SideMoveLasers.[3]SinMoveLasersPair (3)
SkrillexEnvironment.[0]Environment.[16]SideMoveLasers.[3]SinMoveLasersPair (3).[0]LaserL
SkrillexEnvironment.[0]Environment.[16]SideMoveLasers.[3]SinMoveLasersPair (3).[0]LaserL.[0]BoxLight
SkrillexEnvironment.[0]Environment.[16]SideMoveLasers.[3]SinMoveLasersPair (3).[0]LaserL.[1]BakedBloom
SkrillexEnvironment.[0]Environment.[16]SideMoveLasers.[3]SinMoveLasersPair (3).[1]LaserR
SkrillexEnvironment.[0]Environment.[16]SideMoveLasers.[3]SinMoveLasersPair (3).[1]LaserR.[0]BoxLight
SkrillexEnvironment.[0]Environment.[16]SideMoveLasers.[3]SinMoveLasersPair (3).[1]LaserR.[1]BakedBloom
SkrillexEnvironment.[0]Environment.[16]SideMoveLasers.[4]SinMoveLasersPair (4)
SkrillexEnvironment.[0]Environment.[16]SideMoveLasers.[4]SinMoveLasersPair (4).[0]LaserL
SkrillexEnvironment.[0]Environment.[16]SideMoveLasers.[4]SinMoveLasersPair (4).[0]LaserL.[0]BoxLight
SkrillexEnvironment.[0]Environment.[16]SideMoveLasers.[4]SinMoveLasersPair (4).[0]LaserL.[1]BakedBloom
SkrillexEnvironment.[0]Environment.[16]SideMoveLasers.[4]SinMoveLasersPair (4).[1]LaserR
SkrillexEnvironment.[0]Environment.[16]SideMoveLasers.[4]SinMoveLasersPair (4).[1]LaserR.[0]BoxLight
SkrillexEnvironment.[0]Environment.[16]SideMoveLasers.[4]SinMoveLasersPair (4).[1]LaserR.[1]BakedBloom
SkrillexEnvironment.[0]Environment.[16]SideMoveLasers.[5]SinMoveLasersPair (5)
SkrillexEnvironment.[0]Environment.[16]SideMoveLasers.[5]SinMoveLasersPair (5).[0]LaserL
SkrillexEnvironment.[0]Environment.[16]SideMoveLasers.[5]SinMoveLasersPair (5).[0]LaserL.[0]BoxLight
SkrillexEnvironment.[0]Environment.[16]SideMoveLasers.[5]SinMoveLasersPair (5).[0]LaserL.[1]BakedBloom
SkrillexEnvironment.[0]Environment.[16]SideMoveLasers.[5]SinMoveLasersPair (5).[1]LaserR
SkrillexEnvironment.[0]Environment.[16]SideMoveLasers.[5]SinMoveLasersPair (5).[1]LaserR.[0]BoxLight
SkrillexEnvironment.[0]Environment.[16]SideMoveLasers.[5]SinMoveLasersPair (5).[1]LaserR.[1]BakedBloom
SkrillexEnvironment.[0]Environment.[16]SideMoveLasers.[6]SinMoveLasersPair (6)
SkrillexEnvironment.[0]Environment.[16]SideMoveLasers.[6]SinMoveLasersPair (6).[0]LaserL
SkrillexEnvironment.[0]Environment.[16]SideMoveLasers.[6]SinMoveLasersPair (6).[0]LaserL.[0]BoxLight
SkrillexEnvironment.[0]Environment.[16]SideMoveLasers.[6]SinMoveLasersPair (6).[0]LaserL.[1]BakedBloom
SkrillexEnvironment.[0]Environment.[16]SideMoveLasers.[6]SinMoveLasersPair (6).[1]LaserR
SkrillexEnvironment.[0]Environment.[16]SideMoveLasers.[6]SinMoveLasersPair (6).[1]LaserR.[0]BoxLight
SkrillexEnvironment.[0]Environment.[16]SideMoveLasers.[6]SinMoveLasersPair (6).[1]LaserR.[1]BakedBloom
SkrillexEnvironment.[0]Environment.[16]SideMoveLasers.[7]SinMoveLasersPair (7)
SkrillexEnvironment.[0]Environment.[16]SideMoveLasers.[7]SinMoveLasersPair (7).[0]LaserL
SkrillexEnvironment.[0]Environment.[16]SideMoveLasers.[7]SinMoveLasersPair (7).[0]LaserL.[0]BoxLight
SkrillexEnvironment.[0]Environment.[16]SideMoveLasers.[7]SinMoveLasersPair (7).[0]LaserL.[1]BakedBloom
SkrillexEnvironment.[0]Environment.[16]SideMoveLasers.[7]SinMoveLasersPair (7).[1]LaserR
SkrillexEnvironment.[0]Environment.[16]SideMoveLasers.[7]SinMoveLasersPair (7).[1]LaserR.[0]BoxLight
SkrillexEnvironment.[0]Environment.[16]SideMoveLasers.[7]SinMoveLasersPair (7).[1]LaserR.[1]BakedBloom
SkrillexEnvironment.[0]Environment.[16]SideMoveLasers.[8]SinMoveLasersPair (8)
SkrillexEnvironment.[0]Environment.[16]SideMoveLasers.[8]SinMoveLasersPair (8).[0]LaserL
SkrillexEnvironment.[0]Environment.[16]SideMoveLasers.[8]SinMoveLasersPair (8).[0]LaserL.[0]BoxLight
SkrillexEnvironment.[0]Environment.[16]SideMoveLasers.[8]SinMoveLasersPair (8).[0]LaserL.[1]BakedBloom
SkrillexEnvironment.[0]Environment.[16]SideMoveLasers.[8]SinMoveLasersPair (8).[1]LaserR
SkrillexEnvironment.[0]Environment.[16]SideMoveLasers.[8]SinMoveLasersPair (8).[1]LaserR.[0]BoxLight
SkrillexEnvironment.[0]Environment.[16]SideMoveLasers.[8]SinMoveLasersPair (8).[1]LaserR.[1]BakedBloom
SkrillexEnvironment.[0]Environment.[16]SideMoveLasers.[9]SinMoveLasersPair (9)
SkrillexEnvironment.[0]Environment.[16]SideMoveLasers.[9]SinMoveLasersPair (9).[0]LaserL
SkrillexEnvironment.[0]Environment.[16]SideMoveLasers.[9]SinMoveLasersPair (9).[0]LaserL.[0]BoxLight
SkrillexEnvironment.[0]Environment.[16]SideMoveLasers.[9]SinMoveLasersPair (9).[0]LaserL.[1]BakedBloom
SkrillexEnvironment.[0]Environment.[16]SideMoveLasers.[9]SinMoveLasersPair (9).[1]LaserR
SkrillexEnvironment.[0]Environment.[16]SideMoveLasers.[9]SinMoveLasersPair (9).[1]LaserR.[0]BoxLight
SkrillexEnvironment.[0]Environment.[16]SideMoveLasers.[9]SinMoveLasersPair (9).[1]LaserR.[1]BakedBloom
SkrillexEnvironment.[0]Environment.[17]TrackLaneRings1
SkrillexEnvironment.[0]Environment.[18]TrackLaneRings2
SkrillexEnvironment.[0]Environment.[19]LeftLaser
SkrillexEnvironment.[0]Environment.[19]LeftLaser.[0]BakedBloom
SkrillexEnvironment.[0]Environment.[19]LeftLaser.[1]BoxLight
SkrillexEnvironment.[0]Environment.[2]BakedReflectionProbe
SkrillexEnvironment.[0]Environment.[20]RightLaser
SkrillexEnvironment.[0]Environment.[20]RightLaser.[0]BakedBloom
SkrillexEnvironment.[0]Environment.[20]RightLaser.[1]BoxLight
SkrillexEnvironment.[0]Environment.[21]TrackBL
SkrillexEnvironment.[0]Environment.[21]TrackBL.[0]EdgeNeon1
SkrillexEnvironment.[0]Environment.[21]TrackBL.[0]EdgeNeon1.[0]BakedBloom
SkrillexEnvironment.[0]Environment.[21]TrackBL.[0]EdgeNeon1.[1]BoxLight
SkrillexEnvironment.[0]Environment.[21]TrackBL.[1]EdgeNeon2
SkrillexEnvironment.[0]Environment.[21]TrackBL.[1]EdgeNeon2.[0]BakedBloom
SkrillexEnvironment.[0]Environment.[21]TrackBL.[1]EdgeNeon2.[1]BoxLight
SkrillexEnvironment.[0]Environment.[21]TrackBL.[10]PlaneC (6)
SkrillexEnvironment.[0]Environment.[21]TrackBL.[11]PlaneC (7)
SkrillexEnvironment.[0]Environment.[21]TrackBL.[12]PlaneC (8)
SkrillexEnvironment.[0]Environment.[21]TrackBL.[13]PlaneC (9)
SkrillexEnvironment.[0]Environment.[21]TrackBL.[14]PlaneC (10)
SkrillexEnvironment.[0]Environment.[21]TrackBL.[15]PlaneC (11)
SkrillexEnvironment.[0]Environment.[21]TrackBL.[16]PlaneC (12)
SkrillexEnvironment.[0]Environment.[21]TrackBL.[17]NeonSide
SkrillexEnvironment.[0]Environment.[21]TrackBL.[17]NeonSide.[0]BoxLight
SkrillexEnvironment.[0]Environment.[21]TrackBL.[17]NeonSide.[1]BakedBloom
SkrillexEnvironment.[0]Environment.[21]TrackBL.[18]NeonSide (1)
SkrillexEnvironment.[0]Environment.[21]TrackBL.[18]NeonSide (1).[0]BoxLight
SkrillexEnvironment.[0]Environment.[21]TrackBL.[18]NeonSide (1).[1]BakedBloom
SkrillexEnvironment.[0]Environment.[21]TrackBL.[19]NeonSide (2)
SkrillexEnvironment.[0]Environment.[21]TrackBL.[19]NeonSide (2).[0]BoxLight
SkrillexEnvironment.[0]Environment.[21]TrackBL.[19]NeonSide (2).[1]BakedBloom
SkrillexEnvironment.[0]Environment.[21]TrackBL.[2]Laser (1)
SkrillexEnvironment.[0]Environment.[21]TrackBL.[2]Laser (1).[0]BakedBloom
SkrillexEnvironment.[0]Environment.[21]TrackBL.[2]Laser (1).[1]BoxLight
SkrillexEnvironment.[0]Environment.[21]TrackBL.[20]NeonSide (3)
SkrillexEnvironment.[0]Environment.[21]TrackBL.[20]NeonSide (3).[0]BoxLight
SkrillexEnvironment.[0]Environment.[21]TrackBL.[20]NeonSide (3).[1]BakedBloom
SkrillexEnvironment.[0]Environment.[21]TrackBL.[21]NeonSide (4)
SkrillexEnvironment.[0]Environment.[21]TrackBL.[21]NeonSide (4).[0]BoxLight
SkrillexEnvironment.[0]Environment.[21]TrackBL.[21]NeonSide (4).[1]BakedBloom
SkrillexEnvironment.[0]Environment.[21]TrackBL.[22]NeonSide (5)
SkrillexEnvironment.[0]Environment.[21]TrackBL.[22]NeonSide (5).[0]BoxLight
SkrillexEnvironment.[0]Environment.[21]TrackBL.[22]NeonSide (5).[1]BakedBloom
SkrillexEnvironment.[0]Environment.[21]TrackBL.[23]NeonSide (6)
SkrillexEnvironment.[0]Environment.[21]TrackBL.[23]NeonSide (6).[0]BoxLight
SkrillexEnvironment.[0]Environment.[21]TrackBL.[23]NeonSide (6).[1]BakedBloom
SkrillexEnvironment.[0]Environment.[21]TrackBL.[24]PlaneC (13)
SkrillexEnvironment.[0]Environment.[21]TrackBL.[25]PlaneC (14)
SkrillexEnvironment.[0]Environment.[21]TrackBL.[26]PlaneC (15)
SkrillexEnvironment.[0]Environment.[21]TrackBL.[27]PlaneC (16)
SkrillexEnvironment.[0]Environment.[21]TrackBL.[28]PlaneC (17)
SkrillexEnvironment.[0]Environment.[21]TrackBL.[3]Laser (2)
SkrillexEnvironment.[0]Environment.[21]TrackBL.[3]Laser (2).[0]BakedBloom
SkrillexEnvironment.[0]Environment.[21]TrackBL.[3]Laser (2).[1]BoxLight
SkrillexEnvironment.[0]Environment.[21]TrackBL.[4]PlaneC
SkrillexEnvironment.[0]Environment.[21]TrackBL.[5]PlaneC (1)
SkrillexEnvironment.[0]Environment.[21]TrackBL.[6]PlaneC (2)
SkrillexEnvironment.[0]Environment.[21]TrackBL.[7]PlaneC (3)
SkrillexEnvironment.[0]Environment.[21]TrackBL.[8]PlaneC (4)
SkrillexEnvironment.[0]Environment.[21]TrackBL.[9]PlaneC (5)
SkrillexEnvironment.[0]Environment.[22]TrackBR
SkrillexEnvironment.[0]Environment.[22]TrackBR.[0]EdgeNeon1
SkrillexEnvironment.[0]Environment.[22]TrackBR.[0]EdgeNeon1.[0]BakedBloom
SkrillexEnvironment.[0]Environment.[22]TrackBR.[0]EdgeNeon1.[1]BoxLight
SkrillexEnvironment.[0]Environment.[22]TrackBR.[1]EdgeNeon2
SkrillexEnvironment.[0]Environment.[22]TrackBR.[1]EdgeNeon2.[0]BakedBloom
SkrillexEnvironment.[0]Environment.[22]TrackBR.[1]EdgeNeon2.[1]BoxLight
SkrillexEnvironment.[0]Environment.[22]TrackBR.[10]PlaneC (6)
SkrillexEnvironment.[0]Environment.[22]TrackBR.[11]PlaneC (7)
SkrillexEnvironment.[0]Environment.[22]TrackBR.[12]PlaneC (8)
SkrillexEnvironment.[0]Environment.[22]TrackBR.[13]PlaneC (9)
SkrillexEnvironment.[0]Environment.[22]TrackBR.[14]PlaneC (10)
SkrillexEnvironment.[0]Environment.[22]TrackBR.[15]PlaneC (11)
SkrillexEnvironment.[0]Environment.[22]TrackBR.[16]PlaneC (12)
SkrillexEnvironment.[0]Environment.[22]TrackBR.[17]NeonSide
SkrillexEnvironment.[0]Environment.[22]TrackBR.[17]NeonSide.[0]BoxLight
SkrillexEnvironment.[0]Environment.[22]TrackBR.[17]NeonSide.[1]BakedBloom
SkrillexEnvironment.[0]Environment.[22]TrackBR.[18]NeonSide (1)
SkrillexEnvironment.[0]Environment.[22]TrackBR.[18]NeonSide (1).[0]BoxLight
SkrillexEnvironment.[0]Environment.[22]TrackBR.[18]NeonSide (1).[1]BakedBloom
SkrillexEnvironment.[0]Environment.[22]TrackBR.[19]NeonSide (2)
SkrillexEnvironment.[0]Environment.[22]TrackBR.[19]NeonSide (2).[0]BoxLight
SkrillexEnvironment.[0]Environment.[22]TrackBR.[19]NeonSide (2).[1]BakedBloom
SkrillexEnvironment.[0]Environment.[22]TrackBR.[2]Laser (1)
SkrillexEnvironment.[0]Environment.[22]TrackBR.[2]Laser (1).[0]BakedBloom
SkrillexEnvironment.[0]Environment.[22]TrackBR.[2]Laser (1).[1]BoxLight
SkrillexEnvironment.[0]Environment.[22]TrackBR.[20]NeonSide (3)
SkrillexEnvironment.[0]Environment.[22]TrackBR.[20]NeonSide (3).[0]BoxLight
SkrillexEnvironment.[0]Environment.[22]TrackBR.[20]NeonSide (3).[1]BakedBloom
SkrillexEnvironment.[0]Environment.[22]TrackBR.[21]NeonSide (4)
SkrillexEnvironment.[0]Environment.[22]TrackBR.[21]NeonSide (4).[0]BoxLight
SkrillexEnvironment.[0]Environment.[22]TrackBR.[21]NeonSide (4).[1]BakedBloom
SkrillexEnvironment.[0]Environment.[22]TrackBR.[22]NeonSide (5)
SkrillexEnvironment.[0]Environment.[22]TrackBR.[22]NeonSide (5).[0]BoxLight
SkrillexEnvironment.[0]Environment.[22]TrackBR.[22]NeonSide (5).[1]BakedBloom
SkrillexEnvironment.[0]Environment.[22]TrackBR.[23]NeonSide (6)
SkrillexEnvironment.[0]Environment.[22]TrackBR.[23]NeonSide (6).[0]BoxLight
SkrillexEnvironment.[0]Environment.[22]TrackBR.[23]NeonSide (6).[1]BakedBloom
SkrillexEnvironment.[0]Environment.[22]TrackBR.[24]PlaneC (13)
SkrillexEnvironment.[0]Environment.[22]TrackBR.[25]PlaneC (14)
SkrillexEnvironment.[0]Environment.[22]TrackBR.[26]PlaneC (15)
SkrillexEnvironment.[0]Environment.[22]TrackBR.[27]PlaneC (16)
SkrillexEnvironment.[0]Environment.[22]TrackBR.[28]PlaneC (17)
SkrillexEnvironment.[0]Environment.[22]TrackBR.[3]Laser (2)
SkrillexEnvironment.[0]Environment.[22]TrackBR.[3]Laser (2).[0]BakedBloom
SkrillexEnvironment.[0]Environment.[22]TrackBR.[3]Laser (2).[1]BoxLight
SkrillexEnvironment.[0]Environment.[22]TrackBR.[4]PlaneC
SkrillexEnvironment.[0]Environment.[22]TrackBR.[5]PlaneC (1)
SkrillexEnvironment.[0]Environment.[22]TrackBR.[6]PlaneC (2)
SkrillexEnvironment.[0]Environment.[22]TrackBR.[7]PlaneC (3)
SkrillexEnvironment.[0]Environment.[22]TrackBR.[8]PlaneC (4)
SkrillexEnvironment.[0]Environment.[22]TrackBR.[9]PlaneC (5)
SkrillexEnvironment.[0]Environment.[23]TrackTR
SkrillexEnvironment.[0]Environment.[23]TrackTR.[0]EdgeNeon1
SkrillexEnvironment.[0]Environment.[23]TrackTR.[0]EdgeNeon1.[0]BakedBloom
SkrillexEnvironment.[0]Environment.[23]TrackTR.[0]EdgeNeon1.[1]BoxLight
SkrillexEnvironment.[0]Environment.[23]TrackTR.[1]EdgeNeon2
SkrillexEnvironment.[0]Environment.[23]TrackTR.[1]EdgeNeon2.[0]BakedBloom
SkrillexEnvironment.[0]Environment.[23]TrackTR.[1]EdgeNeon2.[1]BoxLight
SkrillexEnvironment.[0]Environment.[23]TrackTR.[10]PlaneC (6)
SkrillexEnvironment.[0]Environment.[23]TrackTR.[11]PlaneC (7)
SkrillexEnvironment.[0]Environment.[23]TrackTR.[12]PlaneC (8)
SkrillexEnvironment.[0]Environment.[23]TrackTR.[13]PlaneC (9)
SkrillexEnvironment.[0]Environment.[23]TrackTR.[14]PlaneC (10)
SkrillexEnvironment.[0]Environment.[23]TrackTR.[15]PlaneC (11)
SkrillexEnvironment.[0]Environment.[23]TrackTR.[16]PlaneC (12)
SkrillexEnvironment.[0]Environment.[23]TrackTR.[17]NeonSide
SkrillexEnvironment.[0]Environment.[23]TrackTR.[17]NeonSide.[0]BoxLight
SkrillexEnvironment.[0]Environment.[23]TrackTR.[17]NeonSide.[1]BakedBloom
SkrillexEnvironment.[0]Environment.[23]TrackTR.[18]NeonSide (1)
SkrillexEnvironment.[0]Environment.[23]TrackTR.[18]NeonSide (1).[0]BoxLight
SkrillexEnvironment.[0]Environment.[23]TrackTR.[18]NeonSide (1).[1]BakedBloom
SkrillexEnvironment.[0]Environment.[23]TrackTR.[19]NeonSide (2)
SkrillexEnvironment.[0]Environment.[23]TrackTR.[19]NeonSide (2).[0]BoxLight
SkrillexEnvironment.[0]Environment.[23]TrackTR.[19]NeonSide (2).[1]BakedBloom
SkrillexEnvironment.[0]Environment.[23]TrackTR.[2]Laser (1)
SkrillexEnvironment.[0]Environment.[23]TrackTR.[2]Laser (1).[0]BakedBloom
SkrillexEnvironment.[0]Environment.[23]TrackTR.[2]Laser (1).[1]BoxLight
SkrillexEnvironment.[0]Environment.[23]TrackTR.[20]NeonSide (3)
SkrillexEnvironment.[0]Environment.[23]TrackTR.[20]NeonSide (3).[0]BoxLight
SkrillexEnvironment.[0]Environment.[23]TrackTR.[20]NeonSide (3).[1]BakedBloom
SkrillexEnvironment.[0]Environment.[23]TrackTR.[21]NeonSide (4)
SkrillexEnvironment.[0]Environment.[23]TrackTR.[21]NeonSide (4).[0]BoxLight
SkrillexEnvironment.[0]Environment.[23]TrackTR.[21]NeonSide (4).[1]BakedBloom
SkrillexEnvironment.[0]Environment.[23]TrackTR.[22]NeonSide (5)
SkrillexEnvironment.[0]Environment.[23]TrackTR.[22]NeonSide (5).[0]BoxLight
SkrillexEnvironment.[0]Environment.[23]TrackTR.[22]NeonSide (5).[1]BakedBloom
SkrillexEnvironment.[0]Environment.[23]TrackTR.[23]NeonSide (6)
SkrillexEnvironment.[0]Environment.[23]TrackTR.[23]NeonSide (6).[0]BoxLight
SkrillexEnvironment.[0]Environment.[23]TrackTR.[23]NeonSide (6).[1]BakedBloom
SkrillexEnvironment.[0]Environment.[23]TrackTR.[24]PlaneC (13)
SkrillexEnvironment.[0]Environment.[23]TrackTR.[25]PlaneC (14)
SkrillexEnvironment.[0]Environment.[23]TrackTR.[26]PlaneC (15)
SkrillexEnvironment.[0]Environment.[23]TrackTR.[27]PlaneC (16)
SkrillexEnvironment.[0]Environment.[23]TrackTR.[28]PlaneC (17)
SkrillexEnvironment.[0]Environment.[23]TrackTR.[3]Laser (2)
SkrillexEnvironment.[0]Environment.[23]TrackTR.[3]Laser (2).[0]BakedBloom
SkrillexEnvironment.[0]Environment.[23]TrackTR.[3]Laser (2).[1]BoxLight
SkrillexEnvironment.[0]Environment.[23]TrackTR.[4]PlaneC
SkrillexEnvironment.[0]Environment.[23]TrackTR.[5]PlaneC (1)
SkrillexEnvironment.[0]Environment.[23]TrackTR.[6]PlaneC (2)
SkrillexEnvironment.[0]Environment.[23]TrackTR.[7]PlaneC (3)
SkrillexEnvironment.[0]Environment.[23]TrackTR.[8]PlaneC (4)
SkrillexEnvironment.[0]Environment.[23]TrackTR.[9]PlaneC (5)
SkrillexEnvironment.[0]Environment.[24]TrackTL
SkrillexEnvironment.[0]Environment.[24]TrackTL.[0]EdgeNeon1
SkrillexEnvironment.[0]Environment.[24]TrackTL.[0]EdgeNeon1.[0]BakedBloom
SkrillexEnvironment.[0]Environment.[24]TrackTL.[0]EdgeNeon1.[1]BoxLight
SkrillexEnvironment.[0]Environment.[24]TrackTL.[1]EdgeNeon2
SkrillexEnvironment.[0]Environment.[24]TrackTL.[1]EdgeNeon2.[0]BakedBloom
SkrillexEnvironment.[0]Environment.[24]TrackTL.[1]EdgeNeon2.[1]BoxLight
SkrillexEnvironment.[0]Environment.[24]TrackTL.[10]PlaneC (6)
SkrillexEnvironment.[0]Environment.[24]TrackTL.[11]PlaneC (7)
SkrillexEnvironment.[0]Environment.[24]TrackTL.[12]PlaneC (8)
SkrillexEnvironment.[0]Environment.[24]TrackTL.[13]PlaneC (9)
SkrillexEnvironment.[0]Environment.[24]TrackTL.[14]PlaneC (10)
SkrillexEnvironment.[0]Environment.[24]TrackTL.[15]PlaneC (11)
SkrillexEnvironment.[0]Environment.[24]TrackTL.[16]PlaneC (12)
SkrillexEnvironment.[0]Environment.[24]TrackTL.[17]NeonSide
SkrillexEnvironment.[0]Environment.[24]TrackTL.[17]NeonSide.[0]BoxLight
SkrillexEnvironment.[0]Environment.[24]TrackTL.[17]NeonSide.[1]BakedBloom
SkrillexEnvironment.[0]Environment.[24]TrackTL.[18]NeonSide (1)
SkrillexEnvironment.[0]Environment.[24]TrackTL.[18]NeonSide (1).[0]BoxLight
SkrillexEnvironment.[0]Environment.[24]TrackTL.[18]NeonSide (1).[1]BakedBloom
SkrillexEnvironment.[0]Environment.[24]TrackTL.[19]NeonSide (2)
SkrillexEnvironment.[0]Environment.[24]TrackTL.[19]NeonSide (2).[0]BoxLight
SkrillexEnvironment.[0]Environment.[24]TrackTL.[19]NeonSide (2).[1]BakedBloom
SkrillexEnvironment.[0]Environment.[24]TrackTL.[2]Laser (1)
SkrillexEnvironment.[0]Environment.[24]TrackTL.[2]Laser (1).[0]BakedBloom
SkrillexEnvironment.[0]Environment.[24]TrackTL.[2]Laser (1).[1]BoxLight
SkrillexEnvironment.[0]Environment.[24]TrackTL.[20]NeonSide (3)
SkrillexEnvironment.[0]Environment.[24]TrackTL.[20]NeonSide (3).[0]BoxLight
SkrillexEnvironment.[0]Environment.[24]TrackTL.[20]NeonSide (3).[1]BakedBloom
SkrillexEnvironment.[0]Environment.[24]TrackTL.[21]NeonSide (4)
SkrillexEnvironment.[0]Environment.[24]TrackTL.[21]NeonSide (4).[0]BoxLight
SkrillexEnvironment.[0]Environment.[24]TrackTL.[21]NeonSide (4).[1]BakedBloom
SkrillexEnvironment.[0]Environment.[24]TrackTL.[22]NeonSide (5)
SkrillexEnvironment.[0]Environment.[24]TrackTL.[22]NeonSide (5).[0]BoxLight
SkrillexEnvironment.[0]Environment.[24]TrackTL.[22]NeonSide (5).[1]BakedBloom
SkrillexEnvironment.[0]Environment.[24]TrackTL.[23]NeonSide (6)
SkrillexEnvironment.[0]Environment.[24]TrackTL.[23]NeonSide (6).[0]BoxLight
SkrillexEnvironment.[0]Environment.[24]TrackTL.[23]NeonSide (6).[1]BakedBloom
SkrillexEnvironment.[0]Environment.[24]TrackTL.[24]PlaneC (13)
SkrillexEnvironment.[0]Environment.[24]TrackTL.[25]PlaneC (14)
SkrillexEnvironment.[0]Environment.[24]TrackTL.[26]PlaneC (15)
SkrillexEnvironment.[0]Environment.[24]TrackTL.[27]PlaneC (16)
SkrillexEnvironment.[0]Environment.[24]TrackTL.[28]PlaneC (17)
SkrillexEnvironment.[0]Environment.[24]TrackTL.[3]Laser (2)
SkrillexEnvironment.[0]Environment.[24]TrackTL.[3]Laser (2).[0]BakedBloom
SkrillexEnvironment.[0]Environment.[24]TrackTL.[3]Laser (2).[1]BoxLight
SkrillexEnvironment.[0]Environment.[24]TrackTL.[4]PlaneC
SkrillexEnvironment.[0]Environment.[24]TrackTL.[5]PlaneC (1)
SkrillexEnvironment.[0]Environment.[24]TrackTL.[6]PlaneC (2)
SkrillexEnvironment.[0]Environment.[24]TrackTL.[7]PlaneC (3)
SkrillexEnvironment.[0]Environment.[24]TrackTL.[8]PlaneC (4)
SkrillexEnvironment.[0]Environment.[24]TrackTL.[9]PlaneC (5)
SkrillexEnvironment.[0]Environment.[25]SkrillexLogo
SkrillexEnvironment.[0]Environment.[25]SkrillexLogo.[0]NeonTubeDirectionalR (2)
SkrillexEnvironment.[0]Environment.[25]SkrillexLogo.[1]NeonTubeDirectionalR (3)
SkrillexEnvironment.[0]Environment.[25]SkrillexLogo.[2]NeonTubeDirectionalR (6)
SkrillexEnvironment.[0]Environment.[25]SkrillexLogo.[3]Core
SkrillexEnvironment.[0]Environment.[26]SkrillexLogo (1)
SkrillexEnvironment.[0]Environment.[26]SkrillexLogo (1).[0]NeonTubeDirectionalR (2)
SkrillexEnvironment.[0]Environment.[26]SkrillexLogo (1).[1]NeonTubeDirectionalR (3)
SkrillexEnvironment.[0]Environment.[26]SkrillexLogo (1).[2]NeonTubeDirectionalR (6)
SkrillexEnvironment.[0]Environment.[26]SkrillexLogo (1).[3]Core
SkrillexEnvironment.[0]Environment.[27]LogoL
SkrillexEnvironment.[0]Environment.[28]LogoR
SkrillexEnvironment.[0]Environment.[29]NeonSide
SkrillexEnvironment.[0]Environment.[29]NeonSide.[0]BoxLight
SkrillexEnvironment.[0]Environment.[29]NeonSide.[1]BakedBloom
SkrillexEnvironment.[0]Environment.[3]BSRealtimeLightmapping
SkrillexEnvironment.[0]Environment.[30]NeonSide (1)
SkrillexEnvironment.[0]Environment.[30]NeonSide (1).[0]BoxLight
SkrillexEnvironment.[0]Environment.[30]NeonSide (1).[1]BakedBloom
SkrillexEnvironment.[0]Environment.[31]NeonSide (2)
SkrillexEnvironment.[0]Environment.[31]NeonSide (2).[0]BoxLight
SkrillexEnvironment.[0]Environment.[31]NeonSide (2).[1]BakedBloom
SkrillexEnvironment.[0]Environment.[32]NeonSide (3)
SkrillexEnvironment.[0]Environment.[32]NeonSide (3).[0]BoxLight
SkrillexEnvironment.[0]Environment.[32]NeonSide (3).[1]BakedBloom
SkrillexEnvironment.[0]Environment.[33]NeonSide (4)
SkrillexEnvironment.[0]Environment.[33]NeonSide (4).[0]BoxLight
SkrillexEnvironment.[0]Environment.[33]NeonSide (4).[1]BakedBloom
SkrillexEnvironment.[0]Environment.[34]NeonSide (5)
SkrillexEnvironment.[0]Environment.[34]NeonSide (5).[0]BoxLight
SkrillexEnvironment.[0]Environment.[34]NeonSide (5).[1]BakedBloom
SkrillexEnvironment.[0]Environment.[35]NeonSide (6)
SkrillexEnvironment.[0]Environment.[35]NeonSide (6).[0]BoxLight
SkrillexEnvironment.[0]Environment.[35]NeonSide (6).[1]BakedBloom
SkrillexEnvironment.[0]Environment.[36]NeonSide (7)
SkrillexEnvironment.[0]Environment.[36]NeonSide (7).[0]BoxLight
SkrillexEnvironment.[0]Environment.[36]NeonSide (7).[1]BakedBloom
SkrillexEnvironment.[0]Environment.[37]NeonSide (8)
SkrillexEnvironment.[0]Environment.[37]NeonSide (8).[0]BoxLight
SkrillexEnvironment.[0]Environment.[37]NeonSide (8).[1]BakedBloom
SkrillexEnvironment.[0]Environment.[38]NeonSide (9)
SkrillexEnvironment.[0]Environment.[38]NeonSide (9).[0]BoxLight
SkrillexEnvironment.[0]Environment.[38]NeonSide (9).[1]BakedBloom
SkrillexEnvironment.[0]Environment.[39]NeonSide (10)
SkrillexEnvironment.[0]Environment.[39]NeonSide (10).[0]BoxLight
SkrillexEnvironment.[0]Environment.[39]NeonSide (10).[1]BakedBloom
SkrillexEnvironment.[0]Environment.[4]BSBakedLightingLightWithIds
SkrillexEnvironment.[0]Environment.[40]NeonSide (11)
SkrillexEnvironment.[0]Environment.[40]NeonSide (11).[0]BoxLight
SkrillexEnvironment.[0]Environment.[40]NeonSide (11).[1]BakedBloom
SkrillexEnvironment.[0]Environment.[41]NeonSide (12)
SkrillexEnvironment.[0]Environment.[41]NeonSide (12).[0]BoxLight
SkrillexEnvironment.[0]Environment.[41]NeonSide (12).[1]BakedBloom
SkrillexEnvironment.[0]Environment.[42]NeonSide (13)
SkrillexEnvironment.[0]Environment.[42]NeonSide (13).[0]BoxLight
SkrillexEnvironment.[0]Environment.[42]NeonSide (13).[1]BakedBloom
SkrillexEnvironment.[0]Environment.[43]NeonSide (14)
SkrillexEnvironment.[0]Environment.[43]NeonSide (14).[0]BoxLight
SkrillexEnvironment.[0]Environment.[43]NeonSide (14).[1]BakedBloom
SkrillexEnvironment.[0]Environment.[44]NeonSide (15)
SkrillexEnvironment.[0]Environment.[44]NeonSide (15).[0]BoxLight
SkrillexEnvironment.[0]Environment.[44]NeonSide (15).[1]BakedBloom
SkrillexEnvironment.[0]Environment.[45]NeonSide (16)
SkrillexEnvironment.[0]Environment.[45]NeonSide (16).[0]BoxLight
SkrillexEnvironment.[0]Environment.[45]NeonSide (16).[1]BakedBloom
SkrillexEnvironment.[0]Environment.[46]NeonSide (17)
SkrillexEnvironment.[0]Environment.[46]NeonSide (17).[0]BoxLight
SkrillexEnvironment.[0]Environment.[46]NeonSide (17).[1]BakedBloom
SkrillexEnvironment.[0]Environment.[5]====== STATIC ======
SkrillexEnvironment.[0]Environment.[6]PlayersPlace
SkrillexEnvironment.[0]Environment.[6]PlayersPlace.[0]Mirror
SkrillexEnvironment.[0]Environment.[6]PlayersPlace.[1]Feet
SkrillexEnvironment.[0]Environment.[6]PlayersPlace.[2]Construction
SkrillexEnvironment.[0]Environment.[6]PlayersPlace.[3]RectangleFakeGlow
SkrillexEnvironment.[0]Environment.[6]PlayersPlace.[4]SaberBurnMarksParticles
SkrillexEnvironment.[0]Environment.[6]PlayersPlace.[4]SaberBurnMarksParticles.[0]SaberBurnMarkSparklePS
SkrillexEnvironment.[0]Environment.[6]PlayersPlace.[5]SaberBurnMarksArea
SkrillexEnvironment.[0]Environment.[6]PlayersPlace.[6]Collider
SkrillexEnvironment.[0]Environment.[7]====== DYNAMIC ======
SkrillexEnvironment.[0]Environment.[8]LightEffects
SkrillexEnvironment.[0]Environment.[9]BasicGameHUD
SkrillexEnvironment.[0]Environment.[9]BasicGameHUD.[0]EnergyPanel
SkrillexEnvironment.[0]Environment.[9]BasicGameHUD.[0]EnergyPanel.[0]BG
SkrillexEnvironment.[0]Environment.[9]BasicGameHUD.[0]EnergyPanel.[1]BarBG
SkrillexEnvironment.[0]Environment.[9]BasicGameHUD.[0]EnergyPanel.[2]EnergyIconEmpty
SkrillexEnvironment.[0]Environment.[9]BasicGameHUD.[0]EnergyPanel.[3]EnergyIconFull
SkrillexEnvironment.[0]Environment.[9]BasicGameHUD.[0]EnergyPanel.[4]EnergyBarWrapper
SkrillexEnvironment.[0]Environment.[9]BasicGameHUD.[0]EnergyPanel.[4]EnergyBarWrapper.[0]EnergyBar
SkrillexEnvironment.[0]Environment.[9]BasicGameHUD.[0]EnergyPanel.[5]Laser
SkrillexEnvironment.[0]Environment.[9]BasicGameHUD.[0]EnergyPanel.[5]Laser.[0]BoxLight
SkrillexEnvironment.[0]Environment.[9]BasicGameHUD.[0]EnergyPanel.[5]Laser.[1]BakedBloom
SkrillexEnvironment.[0]Environment.[9]BasicGameHUD.[0]EnergyPanel.[6]FailIcon
SkrillexEnvironment.[0]Environment.[9]BasicGameHUD.[1]LeftPanel
SkrillexEnvironment.[0]Environment.[9]BasicGameHUD.[1]LeftPanel.[0]BG
SkrillexEnvironment.[0]Environment.[9]BasicGameHUD.[1]LeftPanel.[1]Top
SkrillexEnvironment.[0]Environment.[9]BasicGameHUD.[1]LeftPanel.[2]ComboPanel
SkrillexEnvironment.[0]Environment.[9]BasicGameHUD.[1]LeftPanel.[2]ComboPanel.[0]ComboText
SkrillexEnvironment.[0]Environment.[9]BasicGameHUD.[1]LeftPanel.[2]ComboPanel.[1]ComboCanvas
SkrillexEnvironment.[0]Environment.[9]BasicGameHUD.[1]LeftPanel.[2]ComboPanel.[1]ComboCanvas.[0]NumText
SkrillexEnvironment.[0]Environment.[9]BasicGameHUD.[1]LeftPanel.[2]ComboPanel.[2]Line0
SkrillexEnvironment.[0]Environment.[9]BasicGameHUD.[1]LeftPanel.[2]ComboPanel.[3]Line1
SkrillexEnvironment.[0]Environment.[9]BasicGameHUD.[1]LeftPanel.[3]ScoreCanvas
SkrillexEnvironment.[0]Environment.[9]BasicGameHUD.[1]LeftPanel.[3]ScoreCanvas.[0]ScoreText
SkrillexEnvironment.[0]Environment.[9]BasicGameHUD.[1]LeftPanel.[3]ScoreCanvas.[1]ImmediateRankText
SkrillexEnvironment.[0]Environment.[9]BasicGameHUD.[1]LeftPanel.[3]ScoreCanvas.[2]RelativeScoreText
SkrillexEnvironment.[0]Environment.[9]BasicGameHUD.[2]RightPanel
SkrillexEnvironment.[0]Environment.[9]BasicGameHUD.[2]RightPanel.[0]BG
SkrillexEnvironment.[0]Environment.[9]BasicGameHUD.[2]RightPanel.[1]Top
SkrillexEnvironment.[0]Environment.[9]BasicGameHUD.[2]RightPanel.[2]MultiplierCanvas
SkrillexEnvironment.[0]Environment.[9]BasicGameHUD.[2]RightPanel.[2]MultiplierCanvas.[0]BGCircle
SkrillexEnvironment.[0]Environment.[9]BasicGameHUD.[2]RightPanel.[2]MultiplierCanvas.[1]FGCircle
SkrillexEnvironment.[0]Environment.[9]BasicGameHUD.[2]RightPanel.[2]MultiplierCanvas.[2]AnimationCircle
SkrillexEnvironment.[0]Environment.[9]BasicGameHUD.[2]RightPanel.[2]MultiplierCanvas.[3]TextOverlayPanelOutline1
SkrillexEnvironment.[0]Environment.[9]BasicGameHUD.[2]RightPanel.[2]MultiplierCanvas.[3]TextOverlayPanelOutline1.[0]XText
SkrillexEnvironment.[0]Environment.[9]BasicGameHUD.[2]RightPanel.[2]MultiplierCanvas.[3]TextOverlayPanelOutline1.[1]NumText
SkrillexEnvironment.[0]Environment.[9]BasicGameHUD.[2]RightPanel.[2]MultiplierCanvas.[4]TextOverlayPanelOutline0
SkrillexEnvironment.[0]Environment.[9]BasicGameHUD.[2]RightPanel.[2]MultiplierCanvas.[4]TextOverlayPanelOutline0.[0]XText
SkrillexEnvironment.[0]Environment.[9]BasicGameHUD.[2]RightPanel.[2]MultiplierCanvas.[4]TextOverlayPanelOutline0.[1]NumText
SkrillexEnvironment.[0]Environment.[9]BasicGameHUD.[2]RightPanel.[2]MultiplierCanvas.[5]TextPanel
SkrillexEnvironment.[0]Environment.[9]BasicGameHUD.[2]RightPanel.[2]MultiplierCanvas.[5]TextPanel.[0]XText
SkrillexEnvironment.[0]Environment.[9]BasicGameHUD.[2]RightPanel.[2]MultiplierCanvas.[5]TextPanel.[1]NumText
SkrillexEnvironment.[0]Environment.[9]BasicGameHUD.[2]RightPanel.[3]SongProgressCanvas
SkrillexEnvironment.[0]Environment.[9]BasicGameHUD.[2]RightPanel.[3]SongProgressCanvas.[0]Progress
SkrillexEnvironment.[0]Environment.[9]BasicGameHUD.[2]RightPanel.[3]SongProgressCanvas.[1]Slider
SkrillexEnvironment.[0]Environment.[9]BasicGameHUD.[2]RightPanel.[3]SongProgressCanvas.[1]Slider.[0]Background
SkrillexEnvironment.[0]Environment.[9]BasicGameHUD.[2]RightPanel.[3]SongProgressCanvas.[1]Slider.[1]Handle Slide Area
SkrillexEnvironment.[0]Environment.[9]BasicGameHUD.[2]RightPanel.[3]SongProgressCanvas.[1]Slider.[1]Handle Slide Area.[0]Handle
SkrillexEnvironment.[0]Environment.[9]BasicGameHUD.[2]RightPanel.[3]SongProgressCanvas.[2]ProgressText
SkrillexEnvironment.[0]Environment.[9]BasicGameHUD.[2]RightPanel.[3]SongProgressCanvas.[2]ProgressText.[0]Progress
SkrillexEnvironment.[0]Environment.[9]BasicGameHUD.[2]RightPanel.[3]SongProgressCanvas.[2]ProgressText.[0]Progress.[0]ProgressMinutes
SkrillexEnvironment.[0]Environment.[9]BasicGameHUD.[2]RightPanel.[3]SongProgressCanvas.[2]ProgressText.[0]Progress.[1]ProgressColon
SkrillexEnvironment.[0]Environment.[9]BasicGameHUD.[2]RightPanel.[3]SongProgressCanvas.[2]ProgressText.[0]Progress.[2]ProgressSeconds
SkrillexEnvironment.[0]Environment.[9]BasicGameHUD.[2]RightPanel.[3]SongProgressCanvas.[2]ProgressText.[1]Separator
SkrillexEnvironment.[0]Environment.[9]BasicGameHUD.[2]RightPanel.[3]SongProgressCanvas.[2]ProgressText.[2]Duration
SkrillexEnvironment.[0]Environment.[9]BasicGameHUD.[2]RightPanel.[3]SongProgressCanvas.[2]ProgressText.[2]Duration.[0]DurationMinutes
SkrillexEnvironment.[0]Environment.[9]BasicGameHUD.[2]RightPanel.[3]SongProgressCanvas.[2]ProgressText.[2]Duration.[1]DurationColon
SkrillexEnvironment.[0]Environment.[9]BasicGameHUD.[2]RightPanel.[3]SongProgressCanvas.[2]ProgressText.[2]Duration.[2]DurationSeconds
SkrillexEnvironment.[0]Environment.[9]BasicGameHUD.[2]RightPanel.[4]RecordingPanel
SkrillexEnvironment.[0]Environment.[9]BasicGameHUD.[2]RightPanel.[4]RecordingPanel.[0]RecordingText
SkrillexEnvironment.[0]Environment.[9]BasicGameHUD.[2]RightPanel.[4]RecordingPanel.[1]RecordingCircle